#
# A fatal error has been detected by the Java Runtime Environment:
#
#  SIGSEGV (0xb) at pc=0x000000010e9e4d89, pid=4761, tid=19203
#
# JRE version: Java(TM) SE Runtime Environment (8.0_60-b27) (build 1.8.0_60-b27)
# Java VM: Java HotSpot(TM) 64-Bit Server VM (25.60-b23 mixed mode bsd-amd64 compressed oops)
# Problematic frame:
# V  [libjvm.dylib+0x4b9d89]
#
# Failed to write core dump. Core dumps have been disabled. To enable core dumping, try "ulimit -c unlimited" before starting Java again
#
# If you would like to submit a bug report, please visit:
#   http://bugreport.java.com/bugreport/crash.jsp
#

---------------  T H R E A D  ---------------

Current thread (0x00007fa605865800):  VMThread [stack: 0x000070000ad05000,0x000070000ae05000] [id=19203]

siginfo: si_signo: 11 (SIGSEGV), si_code: 0 (unknown), si_addr: 0x0000000000000000

Registers:
RAX=0x03ffffffe5000000, RBX=0x000000012777d030, RCX=0x000000011ecb5000, RDX=0x0000000000000000
RSP=0x000070000ae043a0, RBP=0x000070000ae043a0, RSI=0x1fffffff28000000, RDI=0x000000010ee09de0
R8 =0x000000010ed53fb0, R9 =0xffffffff00000000, R10=0x000000010ed53fa8, R11=0x000000010ed53fb0
R12=0x000000012777c8e8, R13=0x000000012777cfd0, R14=0x0000000000000000, R15=0x000000010ee09de0
RIP=0x000000010e9e4d89, EFLAGS=0x0000000000010206, ERR=0x0000000000000000
  TRAPNO=0x000000000000000d

Top of Stack: (sp=0x000070000ae043a0)
0x000070000ae043a0:   000070000ae043b0 000000010e8d602d
0x000070000ae043b0:   000070000ae044f0 000000010e977aa8
0x000070000ae043c0:   000070000ae04420 000000010e5d06b4
0x000070000ae043d0:   000000000ae04400 000070000ae044a8
0x000070000ae043e0:   0000000000000000 00007fa60b1a7660
0x000070000ae043f0:   00007fff8cb0d000 0000000000000ff8
0x000070000ae04400:   0000000000007fe8 00007fa6099b1200
0x000070000ae04410:   0000000000000000 0000000000007fd8
0x000070000ae04420:   000070000ae04470 000000010e5cfd20
0x000070000ae04430:   000070000ae04450 00007fff53c7f50b
0x000070000ae04440:   0000000000000000 000070000ae044a8
0x000070000ae04450:   0000000000000010 00007fa6099b1200
0x000070000ae04460:   00007fa6054232c0 0000000000007fd8
0x000070000ae04470:   000070000ae04480 000000010e8d602d
0x000070000ae04480:   000070000ae044c0 000000012777cfb8
0x000070000ae04490:   000070000ae044c0 000000010e9778e0
0x000070000ae044a0:   000070000ae044c0 000000010ee09de0
0x000070000ae044b0:   000000012777c8e8 000000010ee09de0
0x000070000ae044c0:   000070000ae044f0 000000010ee09de0
0x000070000ae044d0:   00000007c0022e80 00000007c02a9d78
0x000070000ae044e0:   00000007c0023068 0000000000000004
0x000070000ae044f0:   000070000ae04520 000000010e7e2b00
0x000070000ae04500:   000070000ae04520 000000010ee09de0
0x000070000ae04510:   000070000ae04540 00000007c0023068
0x000070000ae04520:   000070000ae045b0 000000010e8d6bb1
0x000070000ae04530:   000070000ae04540 000000010e7c7ff9
0x000070000ae04540:   000000010ed50aa0 00000000000001fe
0x000070000ae04550:   ffffffffffffff00 0000000000000004
0x000070000ae04560:   0000000000000113 0000000000000000
0x000070000ae04570:   0000000000000000 00007fa60bfb8a00
0x000070000ae04580:   0000000000000000 000070000ae04690
0x000070000ae04590:   0000000000000000 00007fa60b1a7660 

Instructions: (pc=0x000000010e9e4d89)
0x000000010e9e4d69:   48 2b 35 b0 50 42 00 48 c1 ee 03 48 d3 ee 48 89
0x000000010e9e4d79:   f0 48 83 e0 c0 48 c1 e8 03 48 8b 0d c7 50 42 00
0x000000010e9e4d89:   48 8b 04 01 48 0f a3 f0 0f 92 c0 0f b6 c0 5d c3
0x000000010e9e4d99:   90 55 48 89 e5 48 8b 06 48 8b 80 68 01 00 00 48 

Register to memory mapping:

RAX=0x03ffffffe5000000 is an unknown value
RBX=0x000000012777d030 is pointing into metadata
RCX=0x000000011ecb5000 is an unknown value
RDX=0x0000000000000000 is an unknown value
RSP=0x000070000ae043a0 is an unknown value
RBP=0x000070000ae043a0 is an unknown value
RSI=0x1fffffff28000000 is an unknown value
RDI=0x000000010ee09de0: _ZN17PSParallelCompact17_is_alive_closureE+0 in /Library/Java/JavaVirtualMachines/jdk1.8.0_60.jdk/Contents/Home/jre/lib/server/libjvm.dylib at 0x000000010e52b000
R8 =0x000000010ed53fb0: _ZL8tc_mutex+0x20 in /Library/Java/JavaVirtualMachines/jdk1.8.0_60.jdk/Contents/Home/jre/lib/server/libjvm.dylib at 0x000000010e52b000
R9 =0xffffffff00000000 is an unknown value
R10=0x000000010ed53fa8: _ZL8tc_mutex+0x18 in /Library/Java/JavaVirtualMachines/jdk1.8.0_60.jdk/Contents/Home/jre/lib/server/libjvm.dylib at 0x000000010e52b000
R11=0x000000010ed53fb0: _ZL8tc_mutex+0x20 in /Library/Java/JavaVirtualMachines/jdk1.8.0_60.jdk/Contents/Home/jre/lib/server/libjvm.dylib at 0x000000010e52b000
R12=0x000000012777c8e8 is pointing into metadata
R13=0x000000012777cfd0 is pointing into metadata
R14=0x0000000000000000 is an unknown value
R15=0x000000010ee09de0: _ZN17PSParallelCompact17_is_alive_closureE+0 in /Library/Java/JavaVirtualMachines/jdk1.8.0_60.jdk/Contents/Home/jre/lib/server/libjvm.dylib at 0x000000010e52b000


Stack: [0x000070000ad05000,0x000070000ae05000],  sp=0x000070000ae043a0,  free space=1020k
Native frames: (J=compiled Java code, j=interpreted, Vv=VM code, C=native code)
V  [libjvm.dylib+0x4b9d89]
V  [libjvm.dylib+0x3ab02d]
V  [libjvm.dylib+0x44caa8]
V  [libjvm.dylib+0x2b7b00]
V  [libjvm.dylib+0x3abbb1]
V  [libjvm.dylib+0x4bc751]
V  [libjvm.dylib+0x4bdc25]
V  [libjvm.dylib+0x4be239]
V  [libjvm.dylib+0x19d5c2]
V  [libjvm.dylib+0x5a7240]
V  [libjvm.dylib+0x5ae00d]
V  [libjvm.dylib+0x5ac677]
V  [libjvm.dylib+0x5acac4]
V  [libjvm.dylib+0x5ac3e3]
V  [libjvm.dylib+0x48343a]
C  [libsystem_pthread.dylib+0x36c1]  _pthread_body+0x154
C  [libsystem_pthread.dylib+0x356d]  _pthread_body+0x0
C  [libsystem_pthread.dylib+0x2c5d]  thread_start+0xd

VM_Operation (0x000070000a358e88): CollectForMetadataAllocation, mode: safepoint, requested by thread 0x00007fa60b074800


---------------  P R O C E S S  ---------------

Java Threads: ( => current thread )
  0x00007fa60a27a000 JavaThread "process reaper" daemon [_thread_blocked, id=24587, stack(0x000070000c244000,0x000070000c26c000)]
  0x00007fa60ad67800 JavaThread "*** Profiler Agent Special Execution Thread 6" daemon [_thread_blocked, id=39683, stack(0x000070000c54d000,0x000070000c64d000)]
  0x00007fa60b0f0800 JavaThread "*** JFluid Monitor thread ***" daemon [_thread_blocked, id=39939, stack(0x000070000c44a000,0x000070000c54a000)]
  0x00007fa60ad65800 JavaThread "*** Profiler Agent Communication Thread" daemon [_thread_in_native, id=40451, stack(0x000070000c347000,0x000070000c447000)]
  0x00007fa60bd86800 JavaThread "RMI TCP Connection(4)-192.168.0.16" daemon [_thread_in_native, id=24323, stack(0x000070000c141000,0x000070000c241000)]
  0x00007fa60a8bc000 JavaThread "JMX server connection timeout 22" daemon [_thread_blocked, id=40963, stack(0x000070000c03e000,0x000070000c13e000)]
  0x00007fa60a805000 JavaThread "RMI TCP Accept-0" daemon [_thread_in_native, id=23811, stack(0x000070000bf3b000,0x000070000c03b000)]
  0x00007fa60bd6a800 JavaThread "Attach Listener" daemon [_thread_blocked, id=3847, stack(0x000070000be38000,0x000070000bf38000)]
  0x00007fa60b074800 JavaThread "RMI TCP Connection(5)-192.168.0.16" daemon [_thread_blocked, id=3079, stack(0x000070000a261000,0x000070000a361000)]
  0x00007fa60671a800 JavaThread "RMI TCP Connection(3)-192.168.0.16" daemon [_thread_in_native, id=23299, stack(0x000070000bd35000,0x000070000be35000)]
  0x00007fa606dce800 JavaThread "RMI Scheduler(0)" daemon [_thread_blocked, id=41987, stack(0x000070000bc32000,0x000070000bd32000)]
  0x00007fa606c29800 JavaThread "Abandoned connection cleanup thread" daemon [_thread_blocked, id=23043, stack(0x000070000bb2f000,0x000070000bc2f000)]
  0x00007fa6073dd800 JavaThread "GC Daemon" daemon [_thread_blocked, id=42755, stack(0x000070000ba2c000,0x000070000bb2c000)]
  0x00007fa605ba5000 JavaThread "RMI Reaper" [_thread_blocked, id=22531, stack(0x000070000b929000,0x000070000ba29000)]
  0x00007fa605ba4800 JavaThread "RMI TCP Accept-0" daemon [_thread_in_native, id=22019, stack(0x000070000b826000,0x000070000b926000)]
  0x00007fa605b3c000 JavaThread "es.deusto.bspq.cinema.server.Server.main()" [_thread_in_native, id=43267, stack(0x000070000b723000,0x000070000b823000)]
  0x00007fa60703d000 JavaThread "Service Thread" daemon [_thread_blocked, id=16899, stack(0x000070000b51d000,0x000070000b61d000)]
  0x00007fa606807000 JavaThread "C1 CompilerThread3" daemon [_thread_blocked, id=17155, stack(0x000070000b41a000,0x000070000b51a000)]
  0x00007fa60700c000 JavaThread "C2 CompilerThread2" daemon [_thread_blocked, id=15619, stack(0x000070000b317000,0x000070000b417000)]
  0x00007fa60700b800 JavaThread "C2 CompilerThread1" daemon [_thread_blocked, id=17667, stack(0x000070000b214000,0x000070000b314000)]
  0x00007fa6058a4800 JavaThread "C2 CompilerThread0" daemon [_thread_blocked, id=17923, stack(0x000070000b111000,0x000070000b211000)]
  0x00007fa6058a4000 JavaThread "Signal Dispatcher" daemon [_thread_blocked, id=15115, stack(0x000070000b00e000,0x000070000b10e000)]
  0x00007fa606803800 JavaThread "Finalizer" daemon [_thread_blocked, id=12547, stack(0x000070000af0b000,0x000070000b00b000)]
  0x00007fa606802800 JavaThread "Reference Handler" daemon [_thread_blocked, id=12035, stack(0x000070000ae08000,0x000070000af08000)]
  0x00007fa60580d000 JavaThread "main" [_thread_blocked, id=6147, stack(0x000070000a3ea000,0x000070000a4ea000)]

Other Threads:
=>0x00007fa605865800 VMThread [stack: 0x000070000ad05000,0x000070000ae05000] [id=19203]
  0x00007fa607045800 WatcherThread [stack: 0x000070000b620000,0x000070000b720000] [id=16643]

VM state:at safepoint (normal execution)

VM Mutex/Monitor currently owned by a thread:  ([mutex/lock_event])
[0x00007fa6054121f0] Threads_lock - owner thread: 0x00007fa605865800
[0x00007fa6054126f0] Heap_lock - owner thread: 0x00007fa60b074800

Heap:
 PSYoungGen      total 141824K, used 2636K [0x000000076ab00000, 0x0000000774000000, 0x00000007c0000000)
  eden space 131072K, 0% used [0x000000076ab00000,0x000000076ab00000,0x0000000772b00000)
  from space 10752K, 24% used [0x0000000773580000,0x0000000773813208,0x0000000774000000)
  to   space 10752K, 0% used [0x0000000772b00000,0x0000000772b00000,0x0000000773580000)
 ParOldGen       total 81920K, used 16195K [0x00000006c0000000, 0x00000006c5000000, 0x000000076ab00000)
  object space 81920K, 19% used [0x00000006c0000000,0x00000006c0fd0c08,0x00000006c5000000)
 Metaspace       used 46463K, capacity 47145K, committed 47296K, reserved 1091584K
  class space    used 4644K, capacity 4895K, committed 4992K, reserved 1048576K

Card table byte_map: [0x000000011e4b4000,0x000000011ecb5000] byte_map_base: 0x000000011aeb4000

Marking Bits: (ParMarkBitMap*) 0x000000010ee09e20
 Begin Bits: [0x000000011ecb5000, 0x0000000122cb5000)
 End Bits:   [0x0000000122cb5000, 0x0000000126cb5000)

Polling page: 0x000000010c9d4000

CodeCache: size=245760Kb used=3585Kb max_used=10132Kb free=242174Kb
 bounds [0x000000010f4b4000, 0x000000010feb4000, 0x000000011e4b4000]
 total_blobs=1354 nmethods=882 adapters=385
 compilation: enabled

Compilation events (10 events):
Event: 50,695 Thread 0x00007fa60700c000 nmethod 4034 0x000000010f5d9610 code [0x000000010f5d9760, 0x000000010f5d97d8]
Event: 50,695 Thread 0x00007fa606807000 nmethod 4049 0x000000010f9df310 code [0x000000010f9df4a0, 0x000000010f9df8e8]
Event: 50,695 Thread 0x00007fa606807000 4044       3       java.lang.Short::<init> (10 bytes)
Event: 50,695 Thread 0x00007fa60700c000 4014   !   4       java.util.zip.ZipFile$ZipFileInflaterInputStream::close (67 bytes)
Event: 50,695 Thread 0x00007fa606807000 nmethod 4044 0x000000010fc5e210 code [0x000000010fc5e380, 0x000000010fc5e590]
Event: 50,695 Thread 0x00007fa606807000 4045       3       sun.misc.ProxyGenerator$ConstantPool::addEntry (46 bytes)
Event: 50,695 Thread 0x00007fa606807000 nmethod 4045 0x000000010f9deb10 code [0x000000010f9decc0, 0x000000010f9df178]
Event: 50,695 Thread 0x00007fa606807000 4042       3       sun.misc.ProxyGenerator$ConstantPool::getNameAndType (30 bytes)
Event: 50,696 Thread 0x00007fa606807000 nmethod 4042 0x000000010fc6ae90 code [0x000000010fc6b080, 0x000000010fc6b728]
Event: 50,696 Thread 0x00007fa606807000 4048       3       sun.misc.ProxyGenerator$ConstantPool$ValueEntry::write (190 bytes)

GC Heap History (10 events):
Event: 1,591 GC heap after
Heap after GC invocations=2 (full 0):
 PSYoungGen      total 141824K, used 9116K [0x000000076ab00000, 0x0000000774000000, 0x00000007c0000000)
  eden space 131072K, 0% used [0x000000076ab00000,0x000000076ab00000,0x0000000772b00000)
  from space 10752K, 84% used [0x0000000773580000,0x0000000773e67148,0x0000000774000000)
  to   space 10752K, 0% used [0x0000000772b00000,0x0000000772b00000,0x0000000773580000)
 ParOldGen       total 175104K, used 32K [0x00000006c0000000, 0x00000006cab00000, 0x000000076ab00000)
  object space 175104K, 0% used [0x00000006c0000000,0x00000006c0008000,0x00000006cab00000)
 Metaspace       used 16451K, capacity 16754K, committed 17024K, reserved 1064960K
  class space    used 1959K, capacity 2055K, committed 2176K, reserved 1048576K
}
Event: 1,591 GC heap before
{Heap before GC invocations=3 (full 1):
 PSYoungGen      total 141824K, used 9116K [0x000000076ab00000, 0x0000000774000000, 0x00000007c0000000)
  eden space 131072K, 0% used [0x000000076ab00000,0x000000076ab00000,0x0000000772b00000)
  from space 10752K, 84% used [0x0000000773580000,0x0000000773e67148,0x0000000774000000)
  to   space 10752K, 0% used [0x0000000772b00000,0x0000000772b00000,0x0000000773580000)
 ParOldGen       total 175104K, used 32K [0x00000006c0000000, 0x00000006cab00000, 0x000000076ab00000)
  object space 175104K, 0% used [0x00000006c0000000,0x00000006c0008000,0x00000006cab00000)
 Metaspace       used 16451K, capacity 16754K, committed 17024K, reserved 1064960K
  class space    used 1959K, capacity 2055K, committed 2176K, reserved 1048576K
Event: 1,623 GC heap after
Heap after GC invocations=3 (full 1):
 PSYoungGen      total 141824K, used 0K [0x000000076ab00000, 0x0000000774000000, 0x00000007c0000000)
  eden space 131072K, 0% used [0x000000076ab00000,0x000000076ab00000,0x0000000772b00000)
  from space 10752K, 0% used [0x0000000773580000,0x0000000773580000,0x0000000774000000)
  to   space 10752K, 0% used [0x0000000772b00000,0x0000000772b00000,0x0000000773580000)
 ParOldGen       total 175104K, used 8840K [0x00000006c0000000, 0x00000006cab00000, 0x000000076ab00000)
  object space 175104K, 5% used [0x00000006c0000000,0x00000006c08a2240,0x00000006cab00000)
 Metaspace       used 16451K, capacity 16754K, committed 17024K, reserved 1064960K
  class space    used 1959K, capacity 2055K, committed 2176K, reserved 1048576K
}
Event: 27,499 GC heap before
{Heap before GC invocations=4 (full 1):
 PSYoungGen      total 141824K, used 67585K [0x000000076ab00000, 0x0000000774000000, 0x00000007c0000000)
  eden space 131072K, 51% used [0x000000076ab00000,0x000000076ed00560,0x0000000772b00000)
  from space 10752K, 0% used [0x0000000773580000,0x0000000773580000,0x0000000774000000)
  to   space 10752K, 0% used [0x0000000772b00000,0x0000000772b00000,0x0000000773580000)
 ParOldGen       total 175104K, used 8840K [0x00000006c0000000, 0x00000006cab00000, 0x000000076ab00000)
  object space 175104K, 5% used [0x00000006c0000000,0x00000006c08a2240,0x00000006cab00000)
 Metaspace       used 27597K, capacity 28267K, committed 28376K, reserved 1075200K
  class space    used 3143K, capacity 3328K, committed 3328K, reserved 1048576K
Event: 27,510 GC heap after
Heap after GC invocations=4 (full 1):
 PSYoungGen      total 141824K, used 10320K [0x000000076ab00000, 0x0000000774000000, 0x00000007c0000000)
  eden space 131072K, 0% used [0x000000076ab00000,0x000000076ab00000,0x0000000772b00000)
  from space 10752K, 95% used [0x0000000772b00000,0x0000000773514140,0x0000000773580000)
  to   space 10752K, 0% used [0x0000000773580000,0x0000000773580000,0x0000000774000000)
 ParOldGen       total 175104K, used 8920K [0x00000006c0000000, 0x00000006cab00000, 0x000000076ab00000)
  object space 175104K, 5% used [0x00000006c0000000,0x00000006c08b6260,0x00000006cab00000)
 Metaspace       used 27597K, capacity 28267K, committed 28376K, reserved 1075200K
  class space    used 3143K, capacity 3328K, committed 3328K, reserved 1048576K
}
Event: 27,510 GC heap before
{Heap before GC invocations=5 (full 2):
 PSYoungGen      total 141824K, used 10320K [0x000000076ab00000, 0x0000000774000000, 0x00000007c0000000)
  eden space 131072K, 0% used [0x000000076ab00000,0x000000076ab00000,0x0000000772b00000)
  from space 10752K, 95% used [0x0000000772b00000,0x0000000773514140,0x0000000773580000)
  to   space 10752K, 0% used [0x0000000773580000,0x0000000773580000,0x0000000774000000)
 ParOldGen       total 175104K, used 8920K [0x00000006c0000000, 0x00000006cab00000, 0x000000076ab00000)
  object space 175104K, 5% used [0x00000006c0000000,0x00000006c08b6260,0x00000006cab00000)
 Metaspace       used 27597K, capacity 28267K, committed 28376K, reserved 1075200K
  class space    used 3143K, capacity 3328K, committed 3328K, reserved 1048576K
Event: 27,546 GC heap after
Heap after GC invocations=5 (full 2):
 PSYoungGen      total 141824K, used 0K [0x000000076ab00000, 0x0000000774000000, 0x00000007c0000000)
  eden space 131072K, 0% used [0x000000076ab00000,0x000000076ab00000,0x0000000772b00000)
  from space 10752K, 0% used [0x0000000772b00000,0x0000000772b00000,0x0000000773580000)
  to   space 10752K, 0% used [0x0000000773580000,0x0000000773580000,0x0000000774000000)
 ParOldGen       total 81920K, used 16195K [0x00000006c0000000, 0x00000006c5000000, 0x000000076ab00000)
  object space 81920K, 19% used [0x00000006c0000000,0x00000006c0fd0c08,0x00000006c5000000)
 Metaspace       used 27597K, capacity 28267K, committed 28376K, reserved 1075200K
  class space    used 3143K, capacity 3328K, committed 3328K, reserved 1048576K
}
Event: 50,696 GC heap before
{Heap before GC invocations=6 (full 2):
 PSYoungGen      total 141824K, used 22003K [0x000000076ab00000, 0x0000000774000000, 0x00000007c0000000)
  eden space 131072K, 16% used [0x000000076ab00000,0x000000076c07cd40,0x0000000772b00000)
  from space 10752K, 0% used [0x0000000772b00000,0x0000000772b00000,0x0000000773580000)
  to   space 10752K, 0% used [0x0000000773580000,0x0000000773580000,0x0000000774000000)
 ParOldGen       total 81920K, used 16195K [0x00000006c0000000, 0x00000006c5000000, 0x000000076ab00000)
  object space 81920K, 19% used [0x00000006c0000000,0x00000006c0fd0c08,0x00000006c5000000)
 Metaspace       used 46463K, capacity 47145K, committed 47296K, reserved 1091584K
  class space    used 4644K, capacity 4895K, committed 4992K, reserved 1048576K
Event: 50,699 GC heap after
Heap after GC invocations=6 (full 2):
 PSYoungGen      total 141824K, used 2636K [0x000000076ab00000, 0x0000000774000000, 0x00000007c0000000)
  eden space 131072K, 0% used [0x000000076ab00000,0x000000076ab00000,0x0000000772b00000)
  from space 10752K, 24% used [0x0000000773580000,0x0000000773813208,0x0000000774000000)
  to   space 10752K, 0% used [0x0000000772b00000,0x0000000772b00000,0x0000000773580000)
 ParOldGen       total 81920K, used 16195K [0x00000006c0000000, 0x00000006c5000000, 0x000000076ab00000)
  object space 81920K, 19% used [0x00000006c0000000,0x00000006c0fd0c08,0x00000006c5000000)
 Metaspace       used 46463K, capacity 47145K, committed 47296K, reserved 1091584K
  class space    used 4644K, capacity 4895K, committed 4992K, reserved 1048576K
}
Event: 50,699 GC heap before
{Heap before GC invocations=7 (full 3):
 PSYoungGen      total 141824K, used 2636K [0x000000076ab00000, 0x0000000774000000, 0x00000007c0000000)
  eden space 131072K, 0% used [0x000000076ab00000,0x000000076ab00000,0x0000000772b00000)
  from space 10752K, 24% used [0x0000000773580000,0x0000000773813208,0x0000000774000000)
  to   space 10752K, 0% used [0x0000000772b00000,0x0000000772b00000,0x0000000773580000)
 ParOldGen       total 81920K, used 16195K [0x00000006c0000000, 0x00000006c5000000, 0x000000076ab00000)
  object space 81920K, 19% used [0x00000006c0000000,0x00000006c0fd0c08,0x00000006c5000000)
 Metaspace       used 46463K, capacity 47145K, committed 47296K, reserved 1091584K
  class space    used 4644K, capacity 4895K, committed 4992K, reserved 1048576K

Deoptimization events (10 events):
Event: 27,270 Thread 0x00007fa60ad65800 Uncommon trap: reason=class_check action=maybe_recompile pc=0x000000010f647c84 method=java.io.ObjectOutputStream$BlockDataOutputStream.drain()V @ 36
Event: 27,274 Thread 0x00007fa60ad65800 Uncommon trap: reason=unstable_if action=reinterpret pc=0x000000010f7549fc method=java.io.ObjectOutputStream$BlockDataOutputStream.writeBytes(Ljava/lang/String;)V @ 22
Event: 27,274 Thread 0x00007fa60ad65800 Uncommon trap: reason=class_check action=maybe_recompile pc=0x000000010f647c84 method=java.io.ObjectOutputStream$BlockDataOutputStream.drain()V @ 36
Event: 27,274 Thread 0x00007fa60ad65800 Uncommon trap: reason=class_check action=maybe_recompile pc=0x000000010f647c84 method=java.io.ObjectOutputStream$BlockDataOutputStream.drain()V @ 36
Event: 27,548 Thread 0x00007fa60ad65800 Uncommon trap: reason=unstable_if action=reinterpret pc=0x000000010fde46ec method=java.util.concurrent.ConcurrentHashMap.get(Ljava/lang/Object;)Ljava/lang/Object; @ 76
Event: 27,548 Thread 0x00007fa60ad65800 Uncommon trap: reason=class_check action=maybe_recompile pc=0x000000010f9c4b24 method=java.util.concurrent.ConcurrentHashMap.putVal(Ljava/lang/Object;Ljava/lang/Object;Z)Ljava/lang/Object; @ 192
Event: 33,456 Thread 0x00007fa60b16c800 Uncommon trap: reason=unstable_if action=reinterpret pc=0x000000010f772f28 method=java.io.ObjectOutputStream$BlockDataOutputStream.writeInt(I)V @ 9
Event: 50,548 Thread 0x00007fa60b074800 Uncommon trap: reason=unstable_if action=reinterpret pc=0x000000010fcaf784 method=org.netbeans.lib.profiler.server.ThreadInfo.getThreadInfoOrNull(Ljava/lang/Thread;)Lorg/netbeans/lib/profiler/server/ThreadInfo; @ 20
Event: 50,552 Thread 0x00007fa60b074800 Uncommon trap: reason=unstable_if action=reinterpret pc=0x000000010f62bea8 method=org.netbeans.lib.profiler.server.ProfilerRuntimeCPU.handleJavaLangReflectMethodInvoke(Ljava/lang/reflect/Method;)V @ 22
Event: 50,658 Thread 0x00007fa60b074800 Uncommon trap: reason=unstable_if action=reinterpret pc=0x000000010fc66a18 method=org.netbeans.lib.profiler.server.ProfilerRuntimeCPU.handleJavaLangReflectMethodInvoke(Ljava/lang/reflect/Method;)V @ 22

Internal exceptions (10 events):
Event: 20,772 Thread 0x00007fa60671a800 Exception <a 'java/lang/ClassNotFoundException': javax/management/remote/rmi/RMIConnectionImpl_Skel> (0x000000076e482d78) thrown at [/Users/java_re/workspace/8-2-build-macosx-x86_64/jdk8u60/4407/hotspot/src/share/vm/classfile/systemDictionary.cpp, line 21
Event: 20,789 Thread 0x00007fa60671a800 Exception <a 'java/lang/NoSuchMethodError': <clinit>> (0x000000076e530408) thrown at [/Users/java_re/workspace/8-2-build-macosx-x86_64/jdk8u60/4407/hotspot/src/share/vm/prims/jni.cpp, line 1591]
Event: 20,794 Thread 0x00007fa60671a800 Exception <a 'java/lang/NoSuchMethodError': <clinit>> (0x000000076e5404c0) thrown at [/Users/java_re/workspace/8-2-build-macosx-x86_64/jdk8u60/4407/hotspot/src/share/vm/prims/jni.cpp, line 1591]
Event: 20,795 Thread 0x00007fa60671a800 Exception <a 'java/lang/NoSuchMethodError': <clinit>> (0x000000076e54ec08) thrown at [/Users/java_re/workspace/8-2-build-macosx-x86_64/jdk8u60/4407/hotspot/src/share/vm/prims/jni.cpp, line 1591]
Event: 20,795 Thread 0x00007fa60671a800 Exception <a 'java/lang/NoSuchMethodError': <clinit>> (0x000000076e54f5d0) thrown at [/Users/java_re/workspace/8-2-build-macosx-x86_64/jdk8u60/4407/hotspot/src/share/vm/prims/jni.cpp, line 1591]
Event: 20,796 Thread 0x00007fa60671a800 Exception <a 'java/lang/NoSuchMethodError': <clinit>> (0x000000076e639390) thrown at [/Users/java_re/workspace/8-2-build-macosx-x86_64/jdk8u60/4407/hotspot/src/share/vm/prims/jni.cpp, line 1591]
Event: 20,796 Thread 0x00007fa60671a800 Exception <a 'java/lang/NoSuchMethodError': <clinit>> (0x000000076e639fd8) thrown at [/Users/java_re/workspace/8-2-build-macosx-x86_64/jdk8u60/4407/hotspot/src/share/vm/prims/jni.cpp, line 1591]
Event: 20,797 Thread 0x00007fa60671a800 Exception <a 'java/lang/NoSuchMethodError': <clinit>> (0x000000076e63abf0) thrown at [/Users/java_re/workspace/8-2-build-macosx-x86_64/jdk8u60/4407/hotspot/src/share/vm/prims/jni.cpp, line 1591]
Event: 21,812 Thread 0x00007fa60671a800 Exception <a 'java/lang/NoSuchMethodError': <clinit>> (0x000000076e68e160) thrown at [/Users/java_re/workspace/8-2-build-macosx-x86_64/jdk8u60/4407/hotspot/src/share/vm/prims/jni.cpp, line 1591]
Event: 50,548 Thread 0x00007fa60b074800 Implicit null exception at 0x000000010fcaf6c9 to 0x000000010fcaf765

Events (10 events):
Event: 50,688 loading class javax/jdo/annotations/Persistent done
Event: 50,688 loading class javax/jdo/annotations/Extension
Event: 50,689 loading class javax/jdo/annotations/Extension done
Event: 50,689 loading class javax/jdo/annotations/IdentityType
Event: 50,689 loading class javax/jdo/annotations/IdentityType done
Event: 50,694 loading class org/datanucleus/api/jdo/metadata/JDOAnnotationReader
Event: 50,694 loading class org/datanucleus/api/jdo/metadata/JDOAnnotationReader done
Event: 50,695 loading class org/datanucleus/metadata/annotations/AbstractAnnotationReader
Event: 50,695 loading class org/datanucleus/metadata/annotations/AbstractAnnotationReader done
Event: 50,696 Executing VM operation: CollectForMetadataAllocation


Dynamic libraries:
0x0000000004780000 	/System/Library/Frameworks/Cocoa.framework/Versions/A/Cocoa
0x0000000004780000 	/System/Library/Frameworks/Security.framework/Versions/A/Security
0x0000000004780000 	/System/Library/Frameworks/ApplicationServices.framework/Versions/A/ApplicationServices
0x0000000004780000 	/usr/lib/libz.1.dylib
0x0000000004780000 	/usr/lib/libSystem.B.dylib
0x0000000004780000 	/usr/lib/libobjc.A.dylib
0x0000000004780000 	/System/Library/Frameworks/CoreFoundation.framework/Versions/A/CoreFoundation
0x0000000004780000 	/System/Library/Frameworks/Foundation.framework/Versions/C/Foundation
0x0000000004780000 	/System/Library/Frameworks/AppKit.framework/Versions/C/AppKit
0x0000000004780000 	/System/Library/Frameworks/CoreData.framework/Versions/A/CoreData
0x0000000004780000 	/System/Library/PrivateFrameworks/RemoteViewServices.framework/Versions/A/RemoteViewServices
0x0000000004780000 	/System/Library/PrivateFrameworks/UIFoundation.framework/Versions/A/UIFoundation
0x0000000004780000 	/System/Library/PrivateFrameworks/DFRFoundation.framework/Versions/A/DFRFoundation
0x0000000004780000 	/System/Library/Frameworks/Metal.framework/Versions/A/Metal
0x0000000004780000 	/System/Library/PrivateFrameworks/DesktopServicesPriv.framework/Versions/A/DesktopServicesPriv
0x0000000004780000 	/usr/lib/libenergytrace.dylib
0x0000000004780000 	/System/Library/PrivateFrameworks/SkyLight.framework/Versions/A/SkyLight
0x0000000004780000 	/System/Library/Frameworks/CoreGraphics.framework/Versions/A/CoreGraphics
0x0000000004780000 	/usr/lib/libScreenReader.dylib
0x0000000004780000 	/System/Library/Frameworks/Accelerate.framework/Versions/A/Accelerate
0x0000000004780000 	/System/Library/Frameworks/IOSurface.framework/Versions/A/IOSurface
0x0000000004780000 	/System/Library/Frameworks/AudioToolbox.framework/Versions/A/AudioToolbox
0x0000000004780000 	/System/Library/Frameworks/AudioUnit.framework/Versions/A/AudioUnit
0x0000000004780000 	/System/Library/PrivateFrameworks/DataDetectorsCore.framework/Versions/A/DataDetectorsCore
0x0000000004780000 	/System/Library/Frameworks/Carbon.framework/Versions/A/Frameworks/HIToolbox.framework/Versions/A/HIToolbox
0x0000000004780000 	/usr/lib/libicucore.A.dylib
0x0000000004780000 	/System/Library/Frameworks/QuartzCore.framework/Versions/A/QuartzCore
0x0000000004780000 	/System/Library/Frameworks/Carbon.framework/Versions/A/Frameworks/SpeechRecognition.framework/Versions/A/SpeechRecognition
0x0000000004780000 	/usr/lib/libauto.dylib
0x0000000004780000 	/usr/lib/libxml2.2.dylib
0x0000000004780000 	/System/Library/PrivateFrameworks/CoreUI.framework/Versions/A/CoreUI
0x0000000004780000 	/System/Library/Frameworks/CoreAudio.framework/Versions/A/CoreAudio
0x0000000004780000 	/System/Library/Frameworks/DiskArbitration.framework/Versions/A/DiskArbitration
0x0000000004780000 	/usr/lib/liblangid.dylib
0x0000000004780000 	/System/Library/PrivateFrameworks/MultitouchSupport.framework/Versions/A/MultitouchSupport
0x0000000004780000 	/System/Library/Frameworks/IOKit.framework/Versions/A/IOKit
0x0000000004780000 	/usr/lib/libDiagnosticMessagesClient.dylib
0x0000000004780000 	/System/Library/Frameworks/CoreServices.framework/Versions/A/CoreServices
0x0000000004780000 	/System/Library/PrivateFrameworks/PerformanceAnalysis.framework/Versions/A/PerformanceAnalysis
0x0000000004780000 	/System/Library/Frameworks/OpenGL.framework/Versions/A/OpenGL
0x0000000004780000 	/System/Library/Frameworks/ColorSync.framework/Versions/A/ColorSync
0x0000000004780000 	/System/Library/Frameworks/CoreImage.framework/Versions/A/CoreImage
0x0000000004780000 	/System/Library/Frameworks/CoreText.framework/Versions/A/CoreText
0x0000000004780000 	/System/Library/Frameworks/ImageIO.framework/Versions/A/ImageIO
0x0000000004780000 	/System/Library/PrivateFrameworks/Backup.framework/Versions/A/Backup
0x0000000004780000 	/usr/lib/libarchive.2.dylib
0x0000000004780000 	/System/Library/Frameworks/CFNetwork.framework/Versions/A/CFNetwork
0x0000000004780000 	/System/Library/Frameworks/SystemConfiguration.framework/Versions/A/SystemConfiguration
0x0000000004780000 	/usr/lib/libCRFSuite.dylib
0x0000000004780000 	/usr/lib/libc++.1.dylib
0x0000000004780000 	/usr/lib/libc++abi.dylib
0x0000000004780000 	/usr/lib/system/libcache.dylib
0x0000000004780000 	/usr/lib/system/libcommonCrypto.dylib
0x0000000004780000 	/usr/lib/system/libcompiler_rt.dylib
0x0000000004780000 	/usr/lib/system/libcopyfile.dylib
0x0000000004780000 	/usr/lib/system/libcorecrypto.dylib
0x0000000004780000 	/usr/lib/system/libdispatch.dylib
0x0000000004780000 	/usr/lib/system/libdyld.dylib
0x0000000004780000 	/usr/lib/system/libkeymgr.dylib
0x0000000004780000 	/usr/lib/system/liblaunch.dylib
0x0000000004780000 	/usr/lib/system/libmacho.dylib
0x0000000004780000 	/usr/lib/system/libquarantine.dylib
0x0000000004780000 	/usr/lib/system/libremovefile.dylib
0x0000000004780000 	/usr/lib/system/libsystem_asl.dylib
0x0000000004780000 	/usr/lib/system/libsystem_blocks.dylib
0x0000000004780000 	/usr/lib/system/libsystem_c.dylib
0x0000000004780000 	/usr/lib/system/libsystem_configuration.dylib
0x0000000004780000 	/usr/lib/system/libsystem_coreservices.dylib
0x0000000004780000 	/usr/lib/system/libsystem_darwin.dylib
0x0000000004780000 	/usr/lib/system/libsystem_dnssd.dylib
0x0000000004780000 	/usr/lib/system/libsystem_info.dylib
0x0000000004780000 	/usr/lib/system/libsystem_m.dylib
0x0000000004780000 	/usr/lib/system/libsystem_malloc.dylib
0x0000000004780000 	/usr/lib/system/libsystem_network.dylib
0x0000000004780000 	/usr/lib/system/libsystem_networkextension.dylib
0x0000000004780000 	/usr/lib/system/libsystem_notify.dylib
0x0000000004780000 	/usr/lib/system/libsystem_sandbox.dylib
0x0000000004780000 	/usr/lib/system/libsystem_secinit.dylib
0x0000000004780000 	/usr/lib/system/libsystem_kernel.dylib
0x0000000004780000 	/usr/lib/system/libsystem_platform.dylib
0x0000000004780000 	/usr/lib/system/libsystem_pthread.dylib
0x0000000004780000 	/usr/lib/system/libsystem_symptoms.dylib
0x0000000004780000 	/usr/lib/system/libsystem_trace.dylib
0x0000000004780000 	/usr/lib/system/libunwind.dylib
0x0000000004780000 	/usr/lib/system/libxpc.dylib
0x0000000004780000 	/usr/lib/closure/libclosured.dylib
0x0000000004780000 	/usr/lib/libbsm.0.dylib
0x0000000004780000 	/usr/lib/system/libkxld.dylib
0x0000000004780000 	/usr/lib/libOpenScriptingUtil.dylib
0x0000000004780000 	/usr/lib/libcoretls.dylib
0x0000000004780000 	/usr/lib/libcoretls_cfhelpers.dylib
0x0000000004780000 	/usr/lib/libpam.2.dylib
0x0000000004780000 	/usr/lib/libsqlite3.dylib
0x0000000004780000 	/usr/lib/libxar.1.dylib
0x0000000004780000 	/usr/lib/libbz2.1.0.dylib
0x0000000004780000 	/usr/lib/liblzma.5.dylib
0x0000000004780000 	/usr/lib/libnetwork.dylib
0x0000000004780000 	/usr/lib/libapple_nghttp2.dylib
0x0000000004780000 	/usr/lib/libpcap.A.dylib
0x0000000004780000 	/usr/lib/libboringssl.dylib
0x0000000004780000 	/usr/lib/libusrtcp.dylib
0x0000000004780000 	/usr/lib/libapple_crypto.dylib
0x0000000004780000 	/System/Library/Frameworks/CoreServices.framework/Versions/A/Frameworks/FSEvents.framework/Versions/A/FSEvents
0x0000000004780000 	/System/Library/Frameworks/CoreServices.framework/Versions/A/Frameworks/CarbonCore.framework/Versions/A/CarbonCore
0x0000000004780000 	/System/Library/Frameworks/CoreServices.framework/Versions/A/Frameworks/Metadata.framework/Versions/A/Metadata
0x0000000004780000 	/System/Library/Frameworks/CoreServices.framework/Versions/A/Frameworks/OSServices.framework/Versions/A/OSServices
0x0000000004780000 	/System/Library/Frameworks/CoreServices.framework/Versions/A/Frameworks/SearchKit.framework/Versions/A/SearchKit
0x0000000004780000 	/System/Library/Frameworks/CoreServices.framework/Versions/A/Frameworks/AE.framework/Versions/A/AE
0x0000000004780000 	/System/Library/Frameworks/CoreServices.framework/Versions/A/Frameworks/LaunchServices.framework/Versions/A/LaunchServices
0x0000000004780000 	/System/Library/Frameworks/CoreServices.framework/Versions/A/Frameworks/DictionaryServices.framework/Versions/A/DictionaryServices
0x0000000004780000 	/System/Library/Frameworks/CoreServices.framework/Versions/A/Frameworks/SharedFileList.framework/Versions/A/SharedFileList
0x0000000004780000 	/System/Library/Frameworks/NetFS.framework/Versions/A/NetFS
0x0000000004780000 	/System/Library/PrivateFrameworks/NetAuth.framework/Versions/A/NetAuth
0x0000000004780000 	/System/Library/PrivateFrameworks/login.framework/Versions/A/Frameworks/loginsupport.framework/Versions/A/loginsupport
0x0000000004780000 	/System/Library/PrivateFrameworks/TCC.framework/Versions/A/TCC
0x0000000004780000 	/usr/lib/libmecabra.dylib
0x0000000004780000 	/System/Library/Frameworks/ApplicationServices.framework/Versions/A/Frameworks/ATS.framework/Versions/A/ATS
0x0000000004780000 	/System/Library/Frameworks/ApplicationServices.framework/Versions/A/Frameworks/ColorSyncLegacy.framework/Versions/A/ColorSyncLegacy
0x0000000004780000 	/System/Library/Frameworks/ApplicationServices.framework/Versions/A/Frameworks/HIServices.framework/Versions/A/HIServices
0x0000000004780000 	/System/Library/Frameworks/ApplicationServices.framework/Versions/A/Frameworks/LangAnalysis.framework/Versions/A/LangAnalysis
0x0000000004780000 	/System/Library/Frameworks/ApplicationServices.framework/Versions/A/Frameworks/PrintCore.framework/Versions/A/PrintCore
0x0000000004780000 	/System/Library/Frameworks/ApplicationServices.framework/Versions/A/Frameworks/QD.framework/Versions/A/QD
0x0000000004780000 	/System/Library/Frameworks/ApplicationServices.framework/Versions/A/Frameworks/SpeechSynthesis.framework/Versions/A/SpeechSynthesis
0x0000000004780000 	/System/Library/Frameworks/CoreDisplay.framework/Versions/A/CoreDisplay
0x0000000004780000 	/System/Library/Frameworks/Accelerate.framework/Versions/A/Frameworks/vImage.framework/Versions/A/vImage
0x0000000004780000 	/System/Library/Frameworks/Accelerate.framework/Versions/A/Frameworks/vecLib.framework/Versions/A/vecLib
0x0000000004780000 	/System/Library/Frameworks/Accelerate.framework/Versions/A/Frameworks/vecLib.framework/Versions/A/libvDSP.dylib
0x0000000004780000 	/System/Library/Frameworks/Accelerate.framework/Versions/A/Frameworks/vecLib.framework/Versions/A/libBNNS.dylib
0x0000000004780000 	/System/Library/Frameworks/Accelerate.framework/Versions/A/Frameworks/vecLib.framework/Versions/A/libQuadrature.dylib
0x0000000004780000 	/System/Library/Frameworks/Accelerate.framework/Versions/A/Frameworks/vecLib.framework/Versions/A/libvMisc.dylib
0x0000000004780000 	/System/Library/Frameworks/Accelerate.framework/Versions/A/Frameworks/vecLib.framework/Versions/A/libLAPACK.dylib
0x0000000004780000 	/System/Library/Frameworks/Accelerate.framework/Versions/A/Frameworks/vecLib.framework/Versions/A/libBLAS.dylib
0x0000000004780000 	/System/Library/Frameworks/Accelerate.framework/Versions/A/Frameworks/vecLib.framework/Versions/A/libLinearAlgebra.dylib
0x0000000004780000 	/System/Library/Frameworks/Accelerate.framework/Versions/A/Frameworks/vecLib.framework/Versions/A/libSparse.dylib
0x0000000004780000 	/System/Library/Frameworks/Accelerate.framework/Versions/A/Frameworks/vecLib.framework/Versions/A/libSparseBLAS.dylib
0x0000000004780000 	/System/Library/PrivateFrameworks/IOAccelerator.framework/Versions/A/IOAccelerator
0x0000000004780000 	/System/Library/PrivateFrameworks/IOPresentment.framework/Versions/A/IOPresentment
0x0000000004780000 	/System/Library/PrivateFrameworks/DSExternalDisplay.framework/Versions/A/DSExternalDisplay
0x0000000004780000 	/System/Library/Frameworks/OpenGL.framework/Versions/A/Libraries/libCoreFSCache.dylib
0x0000000004780000 	/System/Library/Frameworks/CoreVideo.framework/Versions/A/CoreVideo
0x0000000004780000 	/System/Library/PrivateFrameworks/GraphVisualizer.framework/Versions/A/GraphVisualizer
0x0000000004780000 	/System/Library/Frameworks/MetalPerformanceShaders.framework/Versions/A/MetalPerformanceShaders
0x0000000004780000 	/usr/lib/libFosl_dynamic.dylib
0x0000000004780000 	/System/Library/PrivateFrameworks/FaceCore.framework/Versions/A/FaceCore
0x0000000004780000 	/System/Library/Frameworks/OpenCL.framework/Versions/A/OpenCL
0x0000000004780000 	/usr/lib/libcompression.dylib
0x0000000004780000 	/System/Library/Frameworks/ApplicationServices.framework/Versions/A/Frameworks/ATS.framework/Versions/A/Resources/libFontParser.dylib
0x0000000004780000 	/System/Library/Frameworks/ApplicationServices.framework/Versions/A/Frameworks/ATS.framework/Versions/A/Resources/libFontRegistry.dylib
0x0000000004780000 	/System/Library/Frameworks/ImageIO.framework/Versions/A/Resources/libJPEG.dylib
0x0000000004780000 	/System/Library/Frameworks/ImageIO.framework/Versions/A/Resources/libTIFF.dylib
0x0000000004780000 	/System/Library/Frameworks/ImageIO.framework/Versions/A/Resources/libPng.dylib
0x0000000004780000 	/System/Library/Frameworks/ImageIO.framework/Versions/A/Resources/libGIF.dylib
0x0000000004780000 	/System/Library/Frameworks/ImageIO.framework/Versions/A/Resources/libJP2.dylib
0x0000000004780000 	/System/Library/Frameworks/ImageIO.framework/Versions/A/Resources/libRadiance.dylib
0x0000000004780000 	/System/Library/PrivateFrameworks/AppleJPEG.framework/Versions/A/AppleJPEG
0x0000000004780000 	/System/Library/PrivateFrameworks/MetalTools.framework/Versions/A/MetalTools
0x0000000004780000 	/System/Library/Frameworks/MetalPerformanceShaders.framework/Frameworks/MPSCore.framework/Versions/A/MPSCore
0x0000000004780000 	/System/Library/Frameworks/MetalPerformanceShaders.framework/Frameworks/MPSImage.framework/Versions/A/MPSImage
0x0000000004780000 	/System/Library/Frameworks/MetalPerformanceShaders.framework/Frameworks/MPSMatrix.framework/Versions/A/MPSMatrix
0x0000000004780000 	/System/Library/Frameworks/MetalPerformanceShaders.framework/Frameworks/MPSNeuralNetwork.framework/Versions/A/MPSNeuralNetwork
0x0000000004780000 	/System/Library/Frameworks/OpenGL.framework/Versions/A/Libraries/libGLU.dylib
0x0000000004780000 	/System/Library/Frameworks/OpenGL.framework/Versions/A/Libraries/libGFXShared.dylib
0x0000000004780000 	/System/Library/Frameworks/OpenGL.framework/Versions/A/Libraries/libGL.dylib
0x0000000004780000 	/System/Library/Frameworks/OpenGL.framework/Versions/A/Libraries/libGLImage.dylib
0x0000000004780000 	/System/Library/Frameworks/OpenGL.framework/Versions/A/Libraries/libCVMSPluginSupport.dylib
0x0000000004780000 	/System/Library/Frameworks/OpenGL.framework/Versions/A/Libraries/libCoreVMClient.dylib
0x0000000004780000 	/usr/lib/libcups.2.dylib
0x0000000004780000 	/System/Library/Frameworks/Kerberos.framework/Versions/A/Kerberos
0x0000000004780000 	/System/Library/Frameworks/GSS.framework/Versions/A/GSS
0x0000000004780000 	/usr/lib/libresolv.9.dylib
0x0000000004780000 	/usr/lib/libiconv.2.dylib
0x0000000004780000 	/System/Library/PrivateFrameworks/Heimdal.framework/Versions/A/Heimdal
0x0000000004780000 	/usr/lib/libheimdal-asn1.dylib
0x0000000004780000 	/System/Library/Frameworks/OpenDirectory.framework/Versions/A/OpenDirectory
0x0000000004780000 	/System/Library/PrivateFrameworks/CommonAuth.framework/Versions/A/CommonAuth
0x0000000004780000 	/System/Library/Frameworks/OpenDirectory.framework/Versions/A/Frameworks/CFOpenDirectory.framework/Versions/A/CFOpenDirectory
0x0000000004780000 	/System/Library/Frameworks/SecurityFoundation.framework/Versions/A/SecurityFoundation
0x0000000004780000 	/System/Library/PrivateFrameworks/APFS.framework/Versions/A/APFS
0x0000000004780000 	/usr/lib/libutil.dylib
0x0000000004780000 	/System/Library/PrivateFrameworks/AppleSauce.framework/Versions/A/AppleSauce
0x0000000004780000 	/System/Library/PrivateFrameworks/LinguisticData.framework/Versions/A/LinguisticData
0x0000000004780000 	/usr/lib/libmarisa.dylib
0x0000000004780000 	/System/Library/PrivateFrameworks/Lexicon.framework/Versions/A/Lexicon
0x0000000004780000 	/usr/lib/libChineseTokenizer.dylib
0x0000000004780000 	/usr/lib/libcmph.dylib
0x0000000004780000 	/System/Library/PrivateFrameworks/LanguageModeling.framework/Versions/A/LanguageModeling
0x0000000004780000 	/System/Library/PrivateFrameworks/CoreEmoji.framework/Versions/A/CoreEmoji
0x0000000004780000 	/System/Library/Frameworks/ServiceManagement.framework/Versions/A/ServiceManagement
0x0000000004780000 	/System/Library/PrivateFrameworks/BackgroundTaskManagement.framework/Versions/A/BackgroundTaskManagement
0x0000000004780000 	/usr/lib/libxslt.1.dylib
0x0000000004780000 	/System/Library/Frameworks/Carbon.framework/Versions/A/Frameworks/Ink.framework/Versions/A/Ink
0x0000000004780000 	/System/Library/PrivateFrameworks/TextureIO.framework/Versions/A/TextureIO
0x0000000004780000 	/usr/lib/libate.dylib
0x0000000004780000 	/System/Library/PrivateFrameworks/CrashReporterSupport.framework/Versions/A/CrashReporterSupport
0x0000000004780000 	/System/Library/PrivateFrameworks/Sharing.framework/Versions/A/Sharing
0x0000000004780000 	/System/Library/PrivateFrameworks/IconServices.framework/Versions/A/IconServices
0x0000000004780000 	/System/Library/PrivateFrameworks/ProtocolBuffer.framework/Versions/A/ProtocolBuffer
0x0000000004780000 	/System/Library/PrivateFrameworks/Apple80211.framework/Versions/A/Apple80211
0x0000000004780000 	/System/Library/Frameworks/CoreWLAN.framework/Versions/A/CoreWLAN
0x0000000004780000 	/System/Library/PrivateFrameworks/CoreUtils.framework/Versions/A/CoreUtils
0x0000000004780000 	/System/Library/Frameworks/IOBluetooth.framework/Versions/A/IOBluetooth
0x0000000004780000 	/System/Library/PrivateFrameworks/CoreWiFi.framework/Versions/A/CoreWiFi
0x0000000004780000 	/System/Library/Frameworks/CoreBluetooth.framework/Versions/A/CoreBluetooth
0x0000000004780000 	/System/Library/PrivateFrameworks/SignpostNotification.framework/Versions/A/SignpostNotification
0x0000000004780000 	/System/Library/PrivateFrameworks/DebugSymbols.framework/Versions/A/DebugSymbols
0x0000000004780000 	/System/Library/PrivateFrameworks/CoreSymbolication.framework/Versions/A/CoreSymbolication
0x0000000004780000 	/System/Library/PrivateFrameworks/Symbolication.framework/Versions/A/Symbolication
0x0000000004780000 	/System/Library/PrivateFrameworks/AppleFSCompression.framework/Versions/A/AppleFSCompression
0x0000000004780000 	/System/Library/PrivateFrameworks/SpeechRecognitionCore.framework/Versions/A/SpeechRecognitionCore
0x000000010e52b000 	/Library/Java/JavaVirtualMachines/jdk1.8.0_60.jdk/Contents/Home/jre/lib/server/libjvm.dylib
0x0000000004780000 	/usr/lib/libstdc++.6.0.9.dylib
0x000000010c991000 	/Library/Java/JavaVirtualMachines/jdk1.8.0_60.jdk/Contents/Home/jre/lib/libverify.dylib
0x000000010c99f000 	/Library/Java/JavaVirtualMachines/jdk1.8.0_60.jdk/Contents/Home/jre/lib/libjava.dylib
0x000000010c9de000 	/Library/Java/JavaVirtualMachines/jdk1.8.0_60.jdk/Contents/Home/jre/lib/libzip.dylib
0x0000000004780000 	/System/Library/Frameworks/JavaVM.framework/Versions/A/Frameworks/JavaRuntimeSupport.framework/Versions/A/JavaRuntimeSupport
0x0000000004780000 	/System/Library/Frameworks/JavaVM.framework/Versions/A/Frameworks/JavaNativeFoundation.framework/Versions/A/JavaNativeFoundation
0x0000000004780000 	/System/Library/Frameworks/JavaVM.framework/Versions/A/JavaVM
0x0000000004780000 	/System/Library/Frameworks/Carbon.framework/Versions/A/Carbon
0x0000000004780000 	/System/Library/PrivateFrameworks/JavaLaunching.framework/Versions/A/JavaLaunching
0x0000000004780000 	/System/Library/Frameworks/Carbon.framework/Versions/A/Frameworks/CommonPanels.framework/Versions/A/CommonPanels
0x0000000004780000 	/System/Library/Frameworks/Carbon.framework/Versions/A/Frameworks/Help.framework/Versions/A/Help
0x0000000004780000 	/System/Library/Frameworks/Carbon.framework/Versions/A/Frameworks/ImageCapture.framework/Versions/A/ImageCapture
0x0000000004780000 	/System/Library/Frameworks/Carbon.framework/Versions/A/Frameworks/OpenScripting.framework/Versions/A/OpenScripting
0x0000000004780000 	/System/Library/Frameworks/Carbon.framework/Versions/A/Frameworks/Print.framework/Versions/A/Print
0x0000000004780000 	/System/Library/Frameworks/Carbon.framework/Versions/A/Frameworks/SecurityHI.framework/Versions/A/SecurityHI
0x000000012b56d000 	/usr/local/apache-maven-3.5.3/lib/jansi-native/osx/libjansi.jnilib
0x000000012b720000 	/Library/Java/JavaVirtualMachines/jdk1.8.0_60.jdk/Contents/Home/jre/lib/libnet.dylib
0x000000012b670000 	/Library/Java/JavaVirtualMachines/jdk1.8.0_60.jdk/Contents/Home/jre/lib/libnio.dylib
0x000000012b8fb000 	/Library/Java/JavaVirtualMachines/jdk1.8.0_60.jdk/Contents/Home/jre/lib/libmanagement.dylib
0x000000012b6c2000 	/Library/Java/JavaVirtualMachines/jdk1.8.0_60.jdk/Contents/Home/jre/lib/libinstrument.dylib
0x000000012b634000 	/Library/Java/JavaVirtualMachines/jdk1.8.0_60.jdk/Contents/Home/lib/visualvm/profiler/lib/deployed/jdk16/mac/libprofilerinterface.jnilib

VM Arguments:
jvm_args: -Xverify:none -Dclassworlds.conf=/usr/local/apache-maven-3.5.3/bin/m2.conf -Dmaven.home=/usr/local/apache-maven-3.5.3 -Dlibrary.jansi.path=/usr/local/apache-maven-3.5.3/lib/jansi-native -Dmaven.multiModuleProjectDirectory=/Users/anderarguinano/git/BSPQ18-E1 
java_command: org.codehaus.plexus.classworlds.launcher.Launcher exec:java -Pserver
java_class_path (initial): /usr/local/apache-maven-3.5.3/boot/plexus-classworlds-2.5.2.jar
Launcher Type: SUN_STANDARD

Environment Variables:
PATH=/usr/local/bin:/usr/bin:/bin:/usr/sbin:/sbin:/Library/TeX/texbin:/opt/X11/bin:/Applications/MAMP/bin/php:/usr/local/apache-maven-3.5.3/bin
SHELL=/bin/bash
DISPLAY=/private/tmp/com.apple.launchd.92AuPLMcVi/org.macosforge.xquartz:0

Signal Handlers:
SIGSEGV: [libjvm.dylib+0x5a6d31], sa_mask[0]=11111111011111110111111111111111, sa_flags=SA_ONSTACK|SA_RESTART|SA_SIGINFO
SIGBUS: [libjvm.dylib+0x5a6d31], sa_mask[0]=11111111011111110111111111111111, sa_flags=SA_RESTART|SA_SIGINFO
SIGFPE: [libjvm.dylib+0x480a4c], sa_mask[0]=11111111011111110111111111111111, sa_flags=SA_RESTART|SA_SIGINFO
SIGPIPE: [libjvm.dylib+0x480a4c], sa_mask[0]=11111111011111110111111111111111, sa_flags=SA_RESTART|SA_SIGINFO
SIGXFSZ: [libjvm.dylib+0x480a4c], sa_mask[0]=11111111011111110111111111111111, sa_flags=SA_RESTART|SA_SIGINFO
SIGILL: [libjvm.dylib+0x480a4c], sa_mask[0]=11111111011111110111111111111111, sa_flags=SA_RESTART|SA_SIGINFO
SIGUSR1: SIG_DFL, sa_mask[0]=11011111011111100000000111000110, sa_flags=none
SIGUSR2: [libjvm.dylib+0x48056a], sa_mask[0]=00000000000000000000000000000000, sa_flags=SA_RESTART|SA_SIGINFO
SIGHUP: [libjvm.dylib+0x47eb41], sa_mask[0]=11111111011111110111111111111111, sa_flags=SA_RESTART|SA_SIGINFO
SIGINT: [libjvm.dylib+0x47eb41], sa_mask[0]=11111111011111110111111111111111, sa_flags=SA_RESTART|SA_SIGINFO
SIGTERM: [libjvm.dylib+0x47eb41], sa_mask[0]=11111111011111110111111111111111, sa_flags=SA_RESTART|SA_SIGINFO
SIGQUIT: [libjvm.dylib+0x47eb41], sa_mask[0]=11111111011111110111111111111111, sa_flags=SA_RESTART|SA_SIGINFO


---------------  S Y S T E M  ---------------

OS:Bsduname:Darwin 17.4.0 Darwin Kernel Version 17.4.0: Sun Dec 17 09:19:54 PST 2017; root:xnu-4570.41.2~1/RELEASE_X86_64 x86_64
rlimit: STACK 8192k, CORE 0k, NPROC 1418, NOFILE 10240, AS infinity
load average:2,41 2,24 2,12

CPU:total 8 (4 cores per cpu, 2 threads per core) family 6 model 70 stepping 1, cmov, cx8, fxsr, mmx, sse, sse2, sse3, ssse3, sse4.1, sse4.2, popcnt, avx, avx2, aes, clmul, erms, lzcnt, ht, tsc, tscinvbit, bmi1, bmi2

Memory: 4k page, physical 16777216k(3791832k free)

/proc/meminfo:


vm_info: Java HotSpot(TM) 64-Bit Server VM (25.60-b23) for bsd-amd64 JRE (1.8.0_60-b27), built on Aug  4 2015 10:47:24 by "java_re" with gcc 4.2.1 (Based on Apple Inc. build 5658) (LLVM build 2336.11.00)

time: Wed May  2 20:14:05 2018
elapsed time: 50 seconds (0d 0h 0m 50s)

