#
# A fatal error has been detected by the Java Runtime Environment:
#
#  SIGSEGV (0xb) at pc=0x000000010c8b9d89, pid=4706, tid=20227
#
# JRE version: Java(TM) SE Runtime Environment (8.0_60-b27) (build 1.8.0_60-b27)
# Java VM: Java HotSpot(TM) 64-Bit Server VM (25.60-b23 mixed mode bsd-amd64 compressed oops)
# Problematic frame:
# V  [libjvm.dylib+0x4b9d89]  PSParallelCompact::IsAliveClosure::do_object_b(oopDesc*)+0x2d
#
# Failed to write core dump. Core dumps have been disabled. To enable core dumping, try "ulimit -c unlimited" before starting Java again
#
# If you would like to submit a bug report, please visit:
#   http://bugreport.java.com/bugreport/crash.jsp
#

---------------  T H R E A D  ---------------

Current thread (0x00007ffab780f000):  VMThread [stack: 0x000070000779c000,0x000070000789c000] [id=20227]

siginfo: si_signo: 11 (SIGSEGV), si_code: 0 (unknown), si_addr: 0x0000000000000000

Registers:
RAX=0x03ffffffe5000000, RBX=0x000000012571ec10, RCX=0x000000011c8df000, RDX=0x0000000000000000
RSP=0x000070000789b3a0, RBP=0x000070000789b3a0, RSI=0x1fffffff28000001, RDI=0x000000010ccdede0
R8 =0x000000010cc28fb0, R9 =0xffffffff00000000, R10=0x000000010cc28fa8, R11=0x000000010cc28fb0
R12=0x000000012571e4c8, R13=0x000000012571ebb0, R14=0x0000000000000000, R15=0x000000010ccdede0
RIP=0x000000010c8b9d89, EFLAGS=0x0000000000010206, ERR=0x0000000000000000
  TRAPNO=0x000000000000000d

Top of Stack: (sp=0x000070000789b3a0)
0x000070000789b3a0:   000070000789b3b0 000000010c7ab02d
0x000070000789b3b0:   000070000789b4f0 000000010c84caa8
0x000070000789b3c0:   000070000789b420 000000010c4a56b4
0x000070000789b3d0:   000000000789b400 000070000789b4a8
0x000070000789b3e0:   0000000000000000 00007ffabc255e60
0x000070000789b3f0:   00007fff8cb0d000 0000000000000ff8
0x000070000789b400:   0000000000007fe8 00007ffab998c400
0x000070000789b410:   0000000000000000 0000000000007fd8
0x000070000789b420:   000070000789b470 000000010c4a4d20
0x000070000789b430:   000070000789b450 00007fff53c7f50b
0x000070000789b440:   0000000000000000 000070000789b4a8
0x000070000789b450:   0000000000000010 00007ffab998c400
0x000070000789b460:   00007ffab6d093c0 0000000000007fd8
0x000070000789b470:   000070000789b480 000000010c7ab02d
0x000070000789b480:   000070000789b4c0 000000012571eb98
0x000070000789b490:   000070000789b4c0 000000010c84c8e0
0x000070000789b4a0:   000070000789b4c0 000000010ccdede0
0x000070000789b4b0:   000000012571e4c8 000000010ccdede0
0x000070000789b4c0:   000070000789b4f0 000000010ccdede0
0x000070000789b4d0:   00000007c0022e80 00000007c02c2428
0x000070000789b4e0:   00000007c0023068 0000000000000004
0x000070000789b4f0:   000070000789b520 000000010c6b7b00
0x000070000789b500:   000070000789b520 000000010ccdede0
0x000070000789b510:   000070000789b540 00000007c0023068
0x000070000789b520:   000070000789b5b0 000000010c7abbb1
0x000070000789b530:   000000010ccc8c20 000000010789b4c0
0x000070000789b540:   000000010cc25aa0 00000000000001fe
0x000070000789b550:   ffffffffffffff00 0000000000000004
0x000070000789b560:   0000000000000113 0000000000000000
0x000070000789b570:   0000000000000000 00007ffabdddce00
0x000070000789b580:   0000000000000000 000070000789b690
0x000070000789b590:   0000000000000000 00007ffabc255e60 

Instructions: (pc=0x000000010c8b9d89)
0x000000010c8b9d69:   48 2b 35 b0 50 42 00 48 c1 ee 03 48 d3 ee 48 89
0x000000010c8b9d79:   f0 48 83 e0 c0 48 c1 e8 03 48 8b 0d c7 50 42 00
0x000000010c8b9d89:   48 8b 04 01 48 0f a3 f0 0f 92 c0 0f b6 c0 5d c3
0x000000010c8b9d99:   90 55 48 89 e5 48 8b 06 48 8b 80 68 01 00 00 48 

Register to memory mapping:

RAX=0x03ffffffe5000000 is an unknown value
RBX=0x000000012571ec10 is pointing into metadata
RCX=0x000000011c8df000 is an unknown value
RDX=0x0000000000000000 is an unknown value
RSP=0x000070000789b3a0 is an unknown value
RBP=0x000070000789b3a0 is an unknown value
RSI=0x1fffffff28000001 is an unknown value
RDI=0x000000010ccdede0: _ZN17PSParallelCompact17_is_alive_closureE+0 in /Library/Java/JavaVirtualMachines/jdk1.8.0_60.jdk/Contents/Home/jre/lib/server/libjvm.dylib at 0x000000010c400000
R8 =0x000000010cc28fb0: _ZL8tc_mutex+0x20 in /Library/Java/JavaVirtualMachines/jdk1.8.0_60.jdk/Contents/Home/jre/lib/server/libjvm.dylib at 0x000000010c400000
R9 =0xffffffff00000000 is an unknown value
R10=0x000000010cc28fa8: _ZL8tc_mutex+0x18 in /Library/Java/JavaVirtualMachines/jdk1.8.0_60.jdk/Contents/Home/jre/lib/server/libjvm.dylib at 0x000000010c400000
R11=0x000000010cc28fb0: _ZL8tc_mutex+0x20 in /Library/Java/JavaVirtualMachines/jdk1.8.0_60.jdk/Contents/Home/jre/lib/server/libjvm.dylib at 0x000000010c400000
R12=0x000000012571e4c8 is pointing into metadata
R13=0x000000012571ebb0 is pointing into metadata
R14=0x0000000000000000 is an unknown value
R15=0x000000010ccdede0: _ZN17PSParallelCompact17_is_alive_closureE+0 in /Library/Java/JavaVirtualMachines/jdk1.8.0_60.jdk/Contents/Home/jre/lib/server/libjvm.dylib at 0x000000010c400000


Stack: [0x000070000779c000,0x000070000789c000],  sp=0x000070000789b3a0,  free space=1020k
Native frames: (J=compiled Java code, j=interpreted, Vv=VM code, C=native code)
V  [libjvm.dylib+0x4b9d89]  PSParallelCompact::IsAliveClosure::do_object_b(oopDesc*)+0x2d
V  [libjvm.dylib+0x3ab02d]  Klass::is_loader_alive(BoolObjectClosure*)+0x13
V  [libjvm.dylib+0x44caa8]  MethodData::clean_extra_data(BoolObjectClosure*)+0xc6
V  [libjvm.dylib+0x2b7b00]  InstanceKlass::clean_method_data(BoolObjectClosure*)+0x38
V  [libjvm.dylib+0x3abbb1]  Klass::clean_weak_klass_links(BoolObjectClosure*, bool)+0x137
V  [libjvm.dylib+0x4bc751]  PSParallelCompact::marking_phase(ParCompactionManager*, bool, ParallelOldTracer*)+0x547
V  [libjvm.dylib+0x4bdc25]  PSParallelCompact::invoke_no_policy(bool)+0x41b
V  [libjvm.dylib+0x4be239]  PSParallelCompact::invoke(bool)+0x57
V  [libjvm.dylib+0x19d5c2]  CollectedHeap::collect_as_vm_thread(GCCause::Cause)+0x5e
V  [libjvm.dylib+0x5a7240]  VM_CollectForMetadataAllocation::doit()+0xb0
V  [libjvm.dylib+0x5ae00d]  VM_Operation::evaluate()+0x4f
V  [libjvm.dylib+0x5ac677]  VMThread::evaluate_operation(VM_Operation*)+0xdf
V  [libjvm.dylib+0x5acac4]  VMThread::loop()+0x328
V  [libjvm.dylib+0x5ac3e3]  VMThread::run()+0x79
V  [libjvm.dylib+0x48343a]  java_start(Thread*)+0xf6
C  [libsystem_pthread.dylib+0x36c1]  _pthread_body+0x154
C  [libsystem_pthread.dylib+0x356d]  _pthread_body+0x0
C  [libsystem_pthread.dylib+0x2c5d]  thread_start+0xd

VM_Operation (0x0000700008cd3ae8): CollectForMetadataAllocation, mode: safepoint, requested by thread 0x00007ffabbc0a800


---------------  P R O C E S S  ---------------

Java Threads: ( => current thread )
  0x00007ffabc414000 JavaThread "process reaper" daemon [_thread_blocked, id=25867, stack(0x0000700008cdb000,0x0000700008d03000)]
  0x00007ffabd0f7800 JavaThread "*** Profiler Agent Special Execution Thread 6" daemon [_thread_blocked, id=26883, stack(0x0000700008fe4000,0x00007000090e4000)]
  0x00007ffabc29f000 JavaThread "*** JFluid Monitor thread ***" daemon [_thread_blocked, id=41475, stack(0x0000700008ee1000,0x0000700008fe1000)]
  0x00007ffabd0f5800 JavaThread "*** Profiler Agent Communication Thread" daemon [_thread_in_native, id=26371, stack(0x0000700008dde000,0x0000700008ede000)]
  0x00007ffabbc0a800 JavaThread "RMI TCP Connection(5)-192.168.0.16" daemon [_thread_blocked, id=25347, stack(0x0000700008bd8000,0x0000700008cd8000)]
  0x00007ffabd845000 JavaThread "JMX server connection timeout 22" daemon [_thread_blocked, id=42243, stack(0x0000700008ad5000,0x0000700008bd5000)]
  0x00007ffabd132000 JavaThread "RMI TCP Connection(2)-192.168.0.16" daemon [_thread_in_native, id=24835, stack(0x00007000089d2000,0x0000700008ad2000)]
  0x00007ffabd131000 JavaThread "RMI TCP Accept-0" daemon [_thread_in_native, id=3079, stack(0x00007000088cf000,0x00007000089cf000)]
  0x00007ffabb075000 JavaThread "Attach Listener" daemon [_thread_blocked, id=3335, stack(0x0000700006cf8000,0x0000700006df8000)]
  0x00007ffababeb000 JavaThread "RMI TCP Connection(idle)" daemon [_thread_blocked, id=24067, stack(0x00007000087cc000,0x00007000088cc000)]
  0x00007ffabbc0e000 JavaThread "RMI Scheduler(0)" daemon [_thread_blocked, id=23555, stack(0x00007000086c9000,0x00007000087c9000)]
  0x00007ffab76fa800 JavaThread "Abandoned connection cleanup thread" daemon [_thread_blocked, id=23043, stack(0x00007000085c6000,0x00007000086c6000)]
  0x00007ffab7c79800 JavaThread "GC Daemon" daemon [_thread_blocked, id=22531, stack(0x00007000084c3000,0x00007000085c3000)]
  0x00007ffab7b8a800 JavaThread "RMI Reaper" [_thread_blocked, id=42755, stack(0x00007000083c0000,0x00007000084c0000)]
  0x00007ffab7afa000 JavaThread "RMI TCP Accept-0" daemon [_thread_in_native, id=43011, stack(0x00007000082bd000,0x00007000083bd000)]
  0x00007ffab9470800 JavaThread "es.deusto.bspq.cinema.server.Server.main()" [_thread_in_native, id=22019, stack(0x00007000081ba000,0x00007000082ba000)]
  0x00007ffab800e000 JavaThread "Service Thread" daemon [_thread_blocked, id=17411, stack(0x0000700007fb4000,0x00007000080b4000)]
  0x00007ffab9016000 JavaThread "C1 CompilerThread3" daemon [_thread_blocked, id=17667, stack(0x0000700007eb1000,0x0000700007fb1000)]
  0x00007ffab783f000 JavaThread "C2 CompilerThread2" daemon [_thread_blocked, id=16131, stack(0x0000700007dae000,0x0000700007eae000)]
  0x00007ffab783e800 JavaThread "C2 CompilerThread1" daemon [_thread_blocked, id=17923, stack(0x0000700007cab000,0x0000700007dab000)]
  0x00007ffab783d000 JavaThread "C2 CompilerThread0" daemon [_thread_blocked, id=15363, stack(0x0000700007ba8000,0x0000700007ca8000)]
  0x00007ffab783c000 JavaThread "Signal Dispatcher" daemon [_thread_blocked, id=18439, stack(0x0000700007aa5000,0x0000700007ba5000)]
  0x00007ffab7018000 JavaThread "Finalizer" daemon [_thread_blocked, id=13315, stack(0x00007000079a2000,0x0000700007aa2000)]
  0x00007ffab7017800 JavaThread "Reference Handler" daemon [_thread_blocked, id=19971, stack(0x000070000789f000,0x000070000799f000)]
  0x00007ffab7008800 JavaThread "main" [_thread_blocked, id=10243, stack(0x0000700006e81000,0x0000700006f81000)]

Other Threads:
=>0x00007ffab780f000 VMThread [stack: 0x000070000779c000,0x000070000789c000] [id=20227]
  0x00007ffab7817800 WatcherThread [stack: 0x00007000080b7000,0x00007000081b7000] [id=17155]

VM state:at safepoint (normal execution)

VM Mutex/Monitor currently owned by a thread:  ([mutex/lock_event])
[0x00007ffab6d029f0] Threads_lock - owner thread: 0x00007ffab780f000
[0x00007ffab6d02ef0] Heap_lock - owner thread: 0x00007ffabbc0a800

Heap:
 PSYoungGen      total 141824K, used 2643K [0x000000076ab00000, 0x0000000774000000, 0x00000007c0000000)
  eden space 131072K, 0% used [0x000000076ab00000,0x000000076ab00000,0x0000000772b00000)
  from space 10752K, 24% used [0x0000000773580000,0x0000000773814f90,0x0000000774000000)
  to   space 10752K, 0% used [0x0000000772b00000,0x0000000772b00000,0x0000000773580000)
 ParOldGen       total 81920K, used 16201K [0x00000006c0000000, 0x00000006c5000000, 0x000000076ab00000)
  object space 81920K, 19% used [0x00000006c0000000,0x00000006c0fd2648,0x00000006c5000000)
 Metaspace       used 46506K, capacity 47163K, committed 47296K, reserved 1091584K
  class space    used 4648K, capacity 4900K, committed 4992K, reserved 1048576K

Card table byte_map: [0x000000010a948000,0x000000010b149000] byte_map_base: 0x0000000107348000

Marking Bits: (ParMarkBitMap*) 0x000000010ccdee20
 Begin Bits: [0x000000011c8df000, 0x00000001208df000)
 End Bits:   [0x00000001208df000, 0x00000001248df000)

Polling page: 0x000000010a535000

CodeCache: size=245760Kb used=4180Kb max_used=10344Kb free=241579Kb
 bounds [0x000000010d389000, 0x000000010ddb9000, 0x000000011c389000]
 total_blobs=1464 nmethods=992 adapters=385
 compilation: enabled

Compilation events (10 events):
Event: 68,369 Thread 0x00007ffab9016000 4259       3       java.util.jar.JarFile::getManifestFromReference (113 bytes)
Event: 68,370 Thread 0x00007ffab9016000 nmethod 4259 0x000000010d8b0a10 code [0x000000010d8b0d40, 0x000000010d8b2398]
Event: 68,370 Thread 0x00007ffab9016000 4260       3       sun.reflect.misc.ReflectUtil::isNonPublicProxyClass (51 bytes)
Event: 68,371 Thread 0x00007ffab9016000 nmethod 4260 0x000000010dc18090 code [0x000000010dc182c0, 0x000000010dc18fd8]
Event: 68,372 Thread 0x00007ffab9016000 4262   !   3       java.util.Collections$SynchronizedCollection::add (25 bytes)
Event: 68,372 Thread 0x00007ffab783f000 nmethod 4250% 0x000000010d4a7790 code [0x000000010d4a7900, 0x000000010d4a7d58]
Event: 68,372 Thread 0x00007ffab783f000 4261   !   4       java.util.zip.InflaterInputStream::read (138 bytes)
Event: 68,372 Thread 0x00007ffab9016000 nmethod 4262 0x000000010d79eb90 code [0x000000010d79ed00, 0x000000010d79f0c8]
Event: 68,401 Thread 0x00007ffab9016000 4263       3       org.netbeans.lib.profiler.server.ThreadInfo::getThreadInfoOrNull (46 bytes)
Event: 68,401 Thread 0x00007ffab9016000 nmethod 4263 0x000000010d79e490 code [0x000000010d79e620, 0x000000010d79e988]

GC Heap History (10 events):
Event: 1,406 GC heap after
Heap after GC invocations=2 (full 0):
 PSYoungGen      total 141824K, used 9228K [0x000000076ab00000, 0x0000000774000000, 0x00000007c0000000)
  eden space 131072K, 0% used [0x000000076ab00000,0x000000076ab00000,0x0000000772b00000)
  from space 10752K, 85% used [0x0000000773580000,0x0000000773e83200,0x0000000774000000)
  to   space 10752K, 0% used [0x0000000772b00000,0x0000000772b00000,0x0000000773580000)
 ParOldGen       total 175104K, used 32K [0x00000006c0000000, 0x00000006cab00000, 0x000000076ab00000)
  object space 175104K, 0% used [0x00000006c0000000,0x00000006c0008000,0x00000006cab00000)
 Metaspace       used 16463K, capacity 16754K, committed 17024K, reserved 1064960K
  class space    used 1961K, capacity 2055K, committed 2176K, reserved 1048576K
}
Event: 1,406 GC heap before
{Heap before GC invocations=3 (full 1):
 PSYoungGen      total 141824K, used 9228K [0x000000076ab00000, 0x0000000774000000, 0x00000007c0000000)
  eden space 131072K, 0% used [0x000000076ab00000,0x000000076ab00000,0x0000000772b00000)
  from space 10752K, 85% used [0x0000000773580000,0x0000000773e83200,0x0000000774000000)
  to   space 10752K, 0% used [0x0000000772b00000,0x0000000772b00000,0x0000000773580000)
 ParOldGen       total 175104K, used 32K [0x00000006c0000000, 0x00000006cab00000, 0x000000076ab00000)
  object space 175104K, 0% used [0x00000006c0000000,0x00000006c0008000,0x00000006cab00000)
 Metaspace       used 16463K, capacity 16754K, committed 17024K, reserved 1064960K
  class space    used 1961K, capacity 2055K, committed 2176K, reserved 1048576K
Event: 1,438 GC heap after
Heap after GC invocations=3 (full 1):
 PSYoungGen      total 141824K, used 0K [0x000000076ab00000, 0x0000000774000000, 0x00000007c0000000)
  eden space 131072K, 0% used [0x000000076ab00000,0x000000076ab00000,0x0000000772b00000)
  from space 10752K, 0% used [0x0000000773580000,0x0000000773580000,0x0000000774000000)
  to   space 10752K, 0% used [0x0000000772b00000,0x0000000772b00000,0x0000000773580000)
 ParOldGen       total 175104K, used 8840K [0x00000006c0000000, 0x00000006cab00000, 0x000000076ab00000)
  object space 175104K, 5% used [0x00000006c0000000,0x00000006c08a22a8,0x00000006cab00000)
 Metaspace       used 16463K, capacity 16754K, committed 17024K, reserved 1064960K
  class space    used 1961K, capacity 2055K, committed 2176K, reserved 1048576K
}
Event: 18,271 GC heap before
{Heap before GC invocations=4 (full 1):
 PSYoungGen      total 141824K, used 68715K [0x000000076ab00000, 0x0000000774000000, 0x00000007c0000000)
  eden space 131072K, 52% used [0x000000076ab00000,0x000000076ee1adb0,0x0000000772b00000)
  from space 10752K, 0% used [0x0000000773580000,0x0000000773580000,0x0000000774000000)
  to   space 10752K, 0% used [0x0000000772b00000,0x0000000772b00000,0x0000000773580000)
 ParOldGen       total 175104K, used 8840K [0x00000006c0000000, 0x00000006cab00000, 0x000000076ab00000)
  object space 175104K, 5% used [0x00000006c0000000,0x00000006c08a22a8,0x00000006cab00000)
 Metaspace       used 27671K, capacity 28203K, committed 28376K, reserved 1075200K
  class space    used 3160K, capacity 3328K, committed 3328K, reserved 1048576K
Event: 18,281 GC heap after
Heap after GC invocations=4 (full 1):
 PSYoungGen      total 141824K, used 10315K [0x000000076ab00000, 0x0000000774000000, 0x00000007c0000000)
  eden space 131072K, 0% used [0x000000076ab00000,0x000000076ab00000,0x0000000772b00000)
  from space 10752K, 95% used [0x0000000772b00000,0x0000000773512e38,0x0000000773580000)
  to   space 10752K, 0% used [0x0000000773580000,0x0000000773580000,0x0000000774000000)
 ParOldGen       total 175104K, used 8928K [0x00000006c0000000, 0x00000006cab00000, 0x000000076ab00000)
  object space 175104K, 5% used [0x00000006c0000000,0x00000006c08b82c8,0x00000006cab00000)
 Metaspace       used 27671K, capacity 28203K, committed 28376K, reserved 1075200K
  class space    used 3160K, capacity 3328K, committed 3328K, reserved 1048576K
}
Event: 18,281 GC heap before
{Heap before GC invocations=5 (full 2):
 PSYoungGen      total 141824K, used 10315K [0x000000076ab00000, 0x0000000774000000, 0x00000007c0000000)
  eden space 131072K, 0% used [0x000000076ab00000,0x000000076ab00000,0x0000000772b00000)
  from space 10752K, 95% used [0x0000000772b00000,0x0000000773512e38,0x0000000773580000)
  to   space 10752K, 0% used [0x0000000773580000,0x0000000773580000,0x0000000774000000)
 ParOldGen       total 175104K, used 8928K [0x00000006c0000000, 0x00000006cab00000, 0x000000076ab00000)
  object space 175104K, 5% used [0x00000006c0000000,0x00000006c08b82c8,0x00000006cab00000)
 Metaspace       used 27671K, capacity 28203K, committed 28376K, reserved 1075200K
  class space    used 3160K, capacity 3328K, committed 3328K, reserved 1048576K
Event: 18,318 GC heap after
Heap after GC invocations=5 (full 2):
 PSYoungGen      total 141824K, used 0K [0x000000076ab00000, 0x0000000774000000, 0x00000007c0000000)
  eden space 131072K, 0% used [0x000000076ab00000,0x000000076ab00000,0x0000000772b00000)
  from space 10752K, 0% used [0x0000000772b00000,0x0000000772b00000,0x0000000773580000)
  to   space 10752K, 0% used [0x0000000773580000,0x0000000773580000,0x0000000774000000)
 ParOldGen       total 81920K, used 16193K [0x00000006c0000000, 0x00000006c5000000, 0x000000076ab00000)
  object space 81920K, 19% used [0x00000006c0000000,0x00000006c0fd0648,0x00000006c5000000)
 Metaspace       used 27671K, capacity 28203K, committed 28376K, reserved 1075200K
  class space    used 3160K, capacity 3328K, committed 3328K, reserved 1048576K
}
Event: 68,411 GC heap before
{Heap before GC invocations=6 (full 2):
 PSYoungGen      total 141824K, used 26113K [0x000000076ab00000, 0x0000000774000000, 0x00000007c0000000)
  eden space 131072K, 19% used [0x000000076ab00000,0x000000076c480508,0x0000000772b00000)
  from space 10752K, 0% used [0x0000000772b00000,0x0000000772b00000,0x0000000773580000)
  to   space 10752K, 0% used [0x0000000773580000,0x0000000773580000,0x0000000774000000)
 ParOldGen       total 81920K, used 16193K [0x00000006c0000000, 0x00000006c5000000, 0x000000076ab00000)
  object space 81920K, 19% used [0x00000006c0000000,0x00000006c0fd0648,0x00000006c5000000)
 Metaspace       used 46506K, capacity 47163K, committed 47296K, reserved 1091584K
  class space    used 4648K, capacity 4900K, committed 4992K, reserved 1048576K
Event: 68,413 GC heap after
Heap after GC invocations=6 (full 2):
 PSYoungGen      total 141824K, used 2643K [0x000000076ab00000, 0x0000000774000000, 0x00000007c0000000)
  eden space 131072K, 0% used [0x000000076ab00000,0x000000076ab00000,0x0000000772b00000)
  from space 10752K, 24% used [0x0000000773580000,0x0000000773814f90,0x0000000774000000)
  to   space 10752K, 0% used [0x0000000772b00000,0x0000000772b00000,0x0000000773580000)
 ParOldGen       total 81920K, used 16201K [0x00000006c0000000, 0x00000006c5000000, 0x000000076ab00000)
  object space 81920K, 19% used [0x00000006c0000000,0x00000006c0fd2648,0x00000006c5000000)
 Metaspace       used 46506K, capacity 47163K, committed 47296K, reserved 1091584K
  class space    used 4648K, capacity 4900K, committed 4992K, reserved 1048576K
}
Event: 68,413 GC heap before
{Heap before GC invocations=7 (full 3):
 PSYoungGen      total 141824K, used 2643K [0x000000076ab00000, 0x0000000774000000, 0x00000007c0000000)
  eden space 131072K, 0% used [0x000000076ab00000,0x000000076ab00000,0x0000000772b00000)
  from space 10752K, 24% used [0x0000000773580000,0x0000000773814f90,0x0000000774000000)
  to   space 10752K, 0% used [0x0000000772b00000,0x0000000772b00000,0x0000000773580000)
 ParOldGen       total 81920K, used 16201K [0x00000006c0000000, 0x00000006c5000000, 0x000000076ab00000)
  object space 81920K, 19% used [0x00000006c0000000,0x00000006c0fd2648,0x00000006c5000000)
 Metaspace       used 46506K, capacity 47163K, committed 47296K, reserved 1091584K
  class space    used 4648K, capacity 4900K, committed 4992K, reserved 1048576K

Deoptimization events (10 events):
Event: 17,683 Thread 0x00007ffabb075000 Uncommon trap: reason=bimorphic action=maybe_recompile pc=0x000000010d69bc98 method=sun.misc.URLClassPath.getResource(Ljava/lang/String;Z)Lsun/misc/Resource; @ 62
Event: 17,941 Thread 0x00007ffabd0f5800 Uncommon trap: reason=class_check action=maybe_recompile pc=0x000000010d627774 method=java.io.ObjectOutputStream$BlockDataOutputStream.drain()V @ 36
Event: 18,045 Thread 0x00007ffabd0f5800 Uncommon trap: reason=class_check action=maybe_recompile pc=0x000000010d62998c method=java.io.ObjectOutputStream$BlockDataOutputStream.drain()V @ 36
Event: 18,048 Thread 0x00007ffabd0f5800 Uncommon trap: reason=unstable_if action=reinterpret pc=0x000000010d6a203c method=java.io.ObjectOutputStream$BlockDataOutputStream.writeBytes(Ljava/lang/String;)V @ 22
Event: 18,048 Thread 0x00007ffabd0f5800 Uncommon trap: reason=class_check action=maybe_recompile pc=0x000000010d62998c method=java.io.ObjectOutputStream$BlockDataOutputStream.drain()V @ 36
Event: 18,048 Thread 0x00007ffabd0f5800 Uncommon trap: reason=class_check action=maybe_recompile pc=0x000000010d62998c method=java.io.ObjectOutputStream$BlockDataOutputStream.drain()V @ 36
Event: 23,958 Thread 0x00007ffabc415000 Uncommon trap: reason=unstable_if action=reinterpret pc=0x000000010d71bf68 method=java.io.ObjectOutputStream$BlockDataOutputStream.writeInt(I)V @ 9
Event: 52,000 Thread 0x00007ffabbc0a800 Uncommon trap: reason=unstable_if action=reinterpret pc=0x000000010d4ec9d0 method=org.netbeans.lib.profiler.server.ThreadInfo.getThreadInfoOrNull(Ljava/lang/Thread;)Lorg/netbeans/lib/profiler/server/ThreadInfo; @ 29
Event: 52,009 Thread 0x00007ffabbc0a800 Uncommon trap: reason=unstable_if action=reinterpret pc=0x000000010d98b3d4 method=java.io.ObjectOutputStream$BlockDataOutputStream.write([BIIZ)V @ 2
Event: 68,270 Thread 0x00007ffabbc0a800 Uncommon trap: reason=unstable_if action=reinterpret pc=0x000000010d8ec684 method=org.netbeans.lib.profiler.server.ThreadInfo.getThreadInfoOrNull(Ljava/lang/Thread;)Lorg/netbeans/lib/profiler/server/ThreadInfo; @ 29

Internal exceptions (10 events):
Event: 9,679 Thread 0x00007ffabb075000 Exception <a 'java/lang/ClassNotFoundException': javax/management/remote/rmi/RMIServerImpl_Skel> (0x000000076e31bd30) thrown at [/Users/java_re/workspace/8-2-build-macosx-x86_64/jdk8u60/4407/hotspot/src/share/vm/classfile/systemDictionary.cpp, line 210]
Event: 9,695 Thread 0x00007ffabd132000 Exception <a 'java/lang/ClassNotFoundException': javax/management/remote/rmi/RMIConnectionImpl_Skel> (0x000000076e4c5bd8) thrown at [/Users/java_re/workspace/8-2-build-macosx-x86_64/jdk8u60/4407/hotspot/src/share/vm/classfile/systemDictionary.cpp, line 21
Event: 9,712 Thread 0x00007ffabd132000 Exception <a 'java/lang/NoSuchMethodError': <clinit>> (0x000000076e573358) thrown at [/Users/java_re/workspace/8-2-build-macosx-x86_64/jdk8u60/4407/hotspot/src/share/vm/prims/jni.cpp, line 1591]
Event: 9,717 Thread 0x00007ffabd132000 Exception <a 'java/lang/NoSuchMethodError': <clinit>> (0x000000076e583410) thrown at [/Users/java_re/workspace/8-2-build-macosx-x86_64/jdk8u60/4407/hotspot/src/share/vm/prims/jni.cpp, line 1591]
Event: 9,718 Thread 0x00007ffabd132000 Exception <a 'java/lang/NoSuchMethodError': <clinit>> (0x000000076e591b58) thrown at [/Users/java_re/workspace/8-2-build-macosx-x86_64/jdk8u60/4407/hotspot/src/share/vm/prims/jni.cpp, line 1591]
Event: 9,718 Thread 0x00007ffabd132000 Exception <a 'java/lang/NoSuchMethodError': <clinit>> (0x000000076e66cc88) thrown at [/Users/java_re/workspace/8-2-build-macosx-x86_64/jdk8u60/4407/hotspot/src/share/vm/prims/jni.cpp, line 1591]
Event: 9,720 Thread 0x00007ffabd132000 Exception <a 'java/lang/NoSuchMethodError': <clinit>> (0x000000076e67c2b8) thrown at [/Users/java_re/workspace/8-2-build-macosx-x86_64/jdk8u60/4407/hotspot/src/share/vm/prims/jni.cpp, line 1591]
Event: 9,720 Thread 0x00007ffabd132000 Exception <a 'java/lang/NoSuchMethodError': <clinit>> (0x000000076e67cf00) thrown at [/Users/java_re/workspace/8-2-build-macosx-x86_64/jdk8u60/4407/hotspot/src/share/vm/prims/jni.cpp, line 1591]
Event: 9,720 Thread 0x00007ffabd132000 Exception <a 'java/lang/NoSuchMethodError': <clinit>> (0x000000076e67db18) thrown at [/Users/java_re/workspace/8-2-build-macosx-x86_64/jdk8u60/4407/hotspot/src/share/vm/prims/jni.cpp, line 1591]
Event: 10,751 Thread 0x00007ffabd132000 Exception <a 'java/lang/NoSuchMethodError': <clinit>> (0x000000076e6cdad8) thrown at [/Users/java_re/workspace/8-2-build-macosx-x86_64/jdk8u60/4407/hotspot/src/share/vm/prims/jni.cpp, line 1591]

Events (10 events):
Event: 68,371 loading class javax/jdo/Transaction done
Event: 68,372 loading class es/deusto/bspq/cinema/server/jdo/data/Employee
Event: 68,372 loading class es/deusto/bspq/cinema/server/jdo/data/Employee done
Event: 68,373 Executing VM operation: RedefineClasses
Event: 68,386 Executing VM operation: RedefineClasses done
Event: 68,387 Executing VM operation: RedefineClasses
Event: 68,401 Executing VM operation: RedefineClasses done
Event: 68,403 Executing VM operation: RedefineClasses
Event: 68,410 Executing VM operation: RedefineClasses done
Event: 68,411 Executing VM operation: CollectForMetadataAllocation


Dynamic libraries:
0x0000000004780000 	/System/Library/Frameworks/Cocoa.framework/Versions/A/Cocoa
0x0000000004780000 	/System/Library/Frameworks/Security.framework/Versions/A/Security
0x0000000004780000 	/System/Library/Frameworks/ApplicationServices.framework/Versions/A/ApplicationServices
0x0000000004780000 	/usr/lib/libz.1.dylib
0x0000000004780000 	/usr/lib/libSystem.B.dylib
0x0000000004780000 	/usr/lib/libobjc.A.dylib
0x0000000004780000 	/System/Library/Frameworks/CoreFoundation.framework/Versions/A/CoreFoundation
0x0000000004780000 	/System/Library/Frameworks/Foundation.framework/Versions/C/Foundation
0x0000000004780000 	/System/Library/Frameworks/AppKit.framework/Versions/C/AppKit
0x0000000004780000 	/System/Library/Frameworks/CoreData.framework/Versions/A/CoreData
0x0000000004780000 	/System/Library/PrivateFrameworks/RemoteViewServices.framework/Versions/A/RemoteViewServices
0x0000000004780000 	/System/Library/PrivateFrameworks/UIFoundation.framework/Versions/A/UIFoundation
0x0000000004780000 	/System/Library/PrivateFrameworks/DFRFoundation.framework/Versions/A/DFRFoundation
0x0000000004780000 	/System/Library/Frameworks/Metal.framework/Versions/A/Metal
0x0000000004780000 	/System/Library/PrivateFrameworks/DesktopServicesPriv.framework/Versions/A/DesktopServicesPriv
0x0000000004780000 	/usr/lib/libenergytrace.dylib
0x0000000004780000 	/System/Library/PrivateFrameworks/SkyLight.framework/Versions/A/SkyLight
0x0000000004780000 	/System/Library/Frameworks/CoreGraphics.framework/Versions/A/CoreGraphics
0x0000000004780000 	/usr/lib/libScreenReader.dylib
0x0000000004780000 	/System/Library/Frameworks/Accelerate.framework/Versions/A/Accelerate
0x0000000004780000 	/System/Library/Frameworks/IOSurface.framework/Versions/A/IOSurface
0x0000000004780000 	/System/Library/Frameworks/AudioToolbox.framework/Versions/A/AudioToolbox
0x0000000004780000 	/System/Library/Frameworks/AudioUnit.framework/Versions/A/AudioUnit
0x0000000004780000 	/System/Library/PrivateFrameworks/DataDetectorsCore.framework/Versions/A/DataDetectorsCore
0x0000000004780000 	/System/Library/Frameworks/Carbon.framework/Versions/A/Frameworks/HIToolbox.framework/Versions/A/HIToolbox
0x0000000004780000 	/usr/lib/libicucore.A.dylib
0x0000000004780000 	/System/Library/Frameworks/QuartzCore.framework/Versions/A/QuartzCore
0x0000000004780000 	/System/Library/Frameworks/Carbon.framework/Versions/A/Frameworks/SpeechRecognition.framework/Versions/A/SpeechRecognition
0x0000000004780000 	/usr/lib/libauto.dylib
0x0000000004780000 	/usr/lib/libxml2.2.dylib
0x0000000004780000 	/System/Library/PrivateFrameworks/CoreUI.framework/Versions/A/CoreUI
0x0000000004780000 	/System/Library/Frameworks/CoreAudio.framework/Versions/A/CoreAudio
0x0000000004780000 	/System/Library/Frameworks/DiskArbitration.framework/Versions/A/DiskArbitration
0x0000000004780000 	/usr/lib/liblangid.dylib
0x0000000004780000 	/System/Library/PrivateFrameworks/MultitouchSupport.framework/Versions/A/MultitouchSupport
0x0000000004780000 	/System/Library/Frameworks/IOKit.framework/Versions/A/IOKit
0x0000000004780000 	/usr/lib/libDiagnosticMessagesClient.dylib
0x0000000004780000 	/System/Library/Frameworks/CoreServices.framework/Versions/A/CoreServices
0x0000000004780000 	/System/Library/PrivateFrameworks/PerformanceAnalysis.framework/Versions/A/PerformanceAnalysis
0x0000000004780000 	/System/Library/Frameworks/OpenGL.framework/Versions/A/OpenGL
0x0000000004780000 	/System/Library/Frameworks/ColorSync.framework/Versions/A/ColorSync
0x0000000004780000 	/System/Library/Frameworks/CoreImage.framework/Versions/A/CoreImage
0x0000000004780000 	/System/Library/Frameworks/CoreText.framework/Versions/A/CoreText
0x0000000004780000 	/System/Library/Frameworks/ImageIO.framework/Versions/A/ImageIO
0x0000000004780000 	/System/Library/PrivateFrameworks/Backup.framework/Versions/A/Backup
0x0000000004780000 	/usr/lib/libarchive.2.dylib
0x0000000004780000 	/System/Library/Frameworks/CFNetwork.framework/Versions/A/CFNetwork
0x0000000004780000 	/System/Library/Frameworks/SystemConfiguration.framework/Versions/A/SystemConfiguration
0x0000000004780000 	/usr/lib/libCRFSuite.dylib
0x0000000004780000 	/usr/lib/libc++.1.dylib
0x0000000004780000 	/usr/lib/libc++abi.dylib
0x0000000004780000 	/usr/lib/system/libcache.dylib
0x0000000004780000 	/usr/lib/system/libcommonCrypto.dylib
0x0000000004780000 	/usr/lib/system/libcompiler_rt.dylib
0x0000000004780000 	/usr/lib/system/libcopyfile.dylib
0x0000000004780000 	/usr/lib/system/libcorecrypto.dylib
0x0000000004780000 	/usr/lib/system/libdispatch.dylib
0x0000000004780000 	/usr/lib/system/libdyld.dylib
0x0000000004780000 	/usr/lib/system/libkeymgr.dylib
0x0000000004780000 	/usr/lib/system/liblaunch.dylib
0x0000000004780000 	/usr/lib/system/libmacho.dylib
0x0000000004780000 	/usr/lib/system/libquarantine.dylib
0x0000000004780000 	/usr/lib/system/libremovefile.dylib
0x0000000004780000 	/usr/lib/system/libsystem_asl.dylib
0x0000000004780000 	/usr/lib/system/libsystem_blocks.dylib
0x0000000004780000 	/usr/lib/system/libsystem_c.dylib
0x0000000004780000 	/usr/lib/system/libsystem_configuration.dylib
0x0000000004780000 	/usr/lib/system/libsystem_coreservices.dylib
0x0000000004780000 	/usr/lib/system/libsystem_darwin.dylib
0x0000000004780000 	/usr/lib/system/libsystem_dnssd.dylib
0x0000000004780000 	/usr/lib/system/libsystem_info.dylib
0x0000000004780000 	/usr/lib/system/libsystem_m.dylib
0x0000000004780000 	/usr/lib/system/libsystem_malloc.dylib
0x0000000004780000 	/usr/lib/system/libsystem_network.dylib
0x0000000004780000 	/usr/lib/system/libsystem_networkextension.dylib
0x0000000004780000 	/usr/lib/system/libsystem_notify.dylib
0x0000000004780000 	/usr/lib/system/libsystem_sandbox.dylib
0x0000000004780000 	/usr/lib/system/libsystem_secinit.dylib
0x0000000004780000 	/usr/lib/system/libsystem_kernel.dylib
0x0000000004780000 	/usr/lib/system/libsystem_platform.dylib
0x0000000004780000 	/usr/lib/system/libsystem_pthread.dylib
0x0000000004780000 	/usr/lib/system/libsystem_symptoms.dylib
0x0000000004780000 	/usr/lib/system/libsystem_trace.dylib
0x0000000004780000 	/usr/lib/system/libunwind.dylib
0x0000000004780000 	/usr/lib/system/libxpc.dylib
0x0000000004780000 	/usr/lib/closure/libclosured.dylib
0x0000000004780000 	/usr/lib/libbsm.0.dylib
0x0000000004780000 	/usr/lib/system/libkxld.dylib
0x0000000004780000 	/usr/lib/libOpenScriptingUtil.dylib
0x0000000004780000 	/usr/lib/libcoretls.dylib
0x0000000004780000 	/usr/lib/libcoretls_cfhelpers.dylib
0x0000000004780000 	/usr/lib/libpam.2.dylib
0x0000000004780000 	/usr/lib/libsqlite3.dylib
0x0000000004780000 	/usr/lib/libxar.1.dylib
0x0000000004780000 	/usr/lib/libbz2.1.0.dylib
0x0000000004780000 	/usr/lib/liblzma.5.dylib
0x0000000004780000 	/usr/lib/libnetwork.dylib
0x0000000004780000 	/usr/lib/libapple_nghttp2.dylib
0x0000000004780000 	/usr/lib/libpcap.A.dylib
0x0000000004780000 	/usr/lib/libboringssl.dylib
0x0000000004780000 	/usr/lib/libusrtcp.dylib
0x0000000004780000 	/usr/lib/libapple_crypto.dylib
0x0000000004780000 	/System/Library/Frameworks/CoreServices.framework/Versions/A/Frameworks/FSEvents.framework/Versions/A/FSEvents
0x0000000004780000 	/System/Library/Frameworks/CoreServices.framework/Versions/A/Frameworks/CarbonCore.framework/Versions/A/CarbonCore
0x0000000004780000 	/System/Library/Frameworks/CoreServices.framework/Versions/A/Frameworks/Metadata.framework/Versions/A/Metadata
0x0000000004780000 	/System/Library/Frameworks/CoreServices.framework/Versions/A/Frameworks/OSServices.framework/Versions/A/OSServices
0x0000000004780000 	/System/Library/Frameworks/CoreServices.framework/Versions/A/Frameworks/SearchKit.framework/Versions/A/SearchKit
0x0000000004780000 	/System/Library/Frameworks/CoreServices.framework/Versions/A/Frameworks/AE.framework/Versions/A/AE
0x0000000004780000 	/System/Library/Frameworks/CoreServices.framework/Versions/A/Frameworks/LaunchServices.framework/Versions/A/LaunchServices
0x0000000004780000 	/System/Library/Frameworks/CoreServices.framework/Versions/A/Frameworks/DictionaryServices.framework/Versions/A/DictionaryServices
0x0000000004780000 	/System/Library/Frameworks/CoreServices.framework/Versions/A/Frameworks/SharedFileList.framework/Versions/A/SharedFileList
0x0000000004780000 	/System/Library/Frameworks/NetFS.framework/Versions/A/NetFS
0x0000000004780000 	/System/Library/PrivateFrameworks/NetAuth.framework/Versions/A/NetAuth
0x0000000004780000 	/System/Library/PrivateFrameworks/login.framework/Versions/A/Frameworks/loginsupport.framework/Versions/A/loginsupport
0x0000000004780000 	/System/Library/PrivateFrameworks/TCC.framework/Versions/A/TCC
0x0000000004780000 	/usr/lib/libmecabra.dylib
0x0000000004780000 	/System/Library/Frameworks/ApplicationServices.framework/Versions/A/Frameworks/ATS.framework/Versions/A/ATS
0x0000000004780000 	/System/Library/Frameworks/ApplicationServices.framework/Versions/A/Frameworks/ColorSyncLegacy.framework/Versions/A/ColorSyncLegacy
0x0000000004780000 	/System/Library/Frameworks/ApplicationServices.framework/Versions/A/Frameworks/HIServices.framework/Versions/A/HIServices
0x0000000004780000 	/System/Library/Frameworks/ApplicationServices.framework/Versions/A/Frameworks/LangAnalysis.framework/Versions/A/LangAnalysis
0x0000000004780000 	/System/Library/Frameworks/ApplicationServices.framework/Versions/A/Frameworks/PrintCore.framework/Versions/A/PrintCore
0x0000000004780000 	/System/Library/Frameworks/ApplicationServices.framework/Versions/A/Frameworks/QD.framework/Versions/A/QD
0x0000000004780000 	/System/Library/Frameworks/ApplicationServices.framework/Versions/A/Frameworks/SpeechSynthesis.framework/Versions/A/SpeechSynthesis
0x0000000004780000 	/System/Library/Frameworks/CoreDisplay.framework/Versions/A/CoreDisplay
0x0000000004780000 	/System/Library/Frameworks/Accelerate.framework/Versions/A/Frameworks/vImage.framework/Versions/A/vImage
0x0000000004780000 	/System/Library/Frameworks/Accelerate.framework/Versions/A/Frameworks/vecLib.framework/Versions/A/vecLib
0x0000000004780000 	/System/Library/Frameworks/Accelerate.framework/Versions/A/Frameworks/vecLib.framework/Versions/A/libvDSP.dylib
0x0000000004780000 	/System/Library/Frameworks/Accelerate.framework/Versions/A/Frameworks/vecLib.framework/Versions/A/libBNNS.dylib
0x0000000004780000 	/System/Library/Frameworks/Accelerate.framework/Versions/A/Frameworks/vecLib.framework/Versions/A/libQuadrature.dylib
0x0000000004780000 	/System/Library/Frameworks/Accelerate.framework/Versions/A/Frameworks/vecLib.framework/Versions/A/libvMisc.dylib
0x0000000004780000 	/System/Library/Frameworks/Accelerate.framework/Versions/A/Frameworks/vecLib.framework/Versions/A/libLAPACK.dylib
0x0000000004780000 	/System/Library/Frameworks/Accelerate.framework/Versions/A/Frameworks/vecLib.framework/Versions/A/libBLAS.dylib
0x0000000004780000 	/System/Library/Frameworks/Accelerate.framework/Versions/A/Frameworks/vecLib.framework/Versions/A/libLinearAlgebra.dylib
0x0000000004780000 	/System/Library/Frameworks/Accelerate.framework/Versions/A/Frameworks/vecLib.framework/Versions/A/libSparse.dylib
0x0000000004780000 	/System/Library/Frameworks/Accelerate.framework/Versions/A/Frameworks/vecLib.framework/Versions/A/libSparseBLAS.dylib
0x0000000004780000 	/System/Library/PrivateFrameworks/IOAccelerator.framework/Versions/A/IOAccelerator
0x0000000004780000 	/System/Library/PrivateFrameworks/IOPresentment.framework/Versions/A/IOPresentment
0x0000000004780000 	/System/Library/PrivateFrameworks/DSExternalDisplay.framework/Versions/A/DSExternalDisplay
0x0000000004780000 	/System/Library/Frameworks/OpenGL.framework/Versions/A/Libraries/libCoreFSCache.dylib
0x0000000004780000 	/System/Library/Frameworks/CoreVideo.framework/Versions/A/CoreVideo
0x0000000004780000 	/System/Library/PrivateFrameworks/GraphVisualizer.framework/Versions/A/GraphVisualizer
0x0000000004780000 	/System/Library/Frameworks/MetalPerformanceShaders.framework/Versions/A/MetalPerformanceShaders
0x0000000004780000 	/usr/lib/libFosl_dynamic.dylib
0x0000000004780000 	/System/Library/PrivateFrameworks/FaceCore.framework/Versions/A/FaceCore
0x0000000004780000 	/System/Library/Frameworks/OpenCL.framework/Versions/A/OpenCL
0x0000000004780000 	/usr/lib/libcompression.dylib
0x0000000004780000 	/System/Library/Frameworks/ApplicationServices.framework/Versions/A/Frameworks/ATS.framework/Versions/A/Resources/libFontParser.dylib
0x0000000004780000 	/System/Library/Frameworks/ApplicationServices.framework/Versions/A/Frameworks/ATS.framework/Versions/A/Resources/libFontRegistry.dylib
0x0000000004780000 	/System/Library/Frameworks/ImageIO.framework/Versions/A/Resources/libJPEG.dylib
0x0000000004780000 	/System/Library/Frameworks/ImageIO.framework/Versions/A/Resources/libTIFF.dylib
0x0000000004780000 	/System/Library/Frameworks/ImageIO.framework/Versions/A/Resources/libPng.dylib
0x0000000004780000 	/System/Library/Frameworks/ImageIO.framework/Versions/A/Resources/libGIF.dylib
0x0000000004780000 	/System/Library/Frameworks/ImageIO.framework/Versions/A/Resources/libJP2.dylib
0x0000000004780000 	/System/Library/Frameworks/ImageIO.framework/Versions/A/Resources/libRadiance.dylib
0x0000000004780000 	/System/Library/PrivateFrameworks/AppleJPEG.framework/Versions/A/AppleJPEG
0x0000000004780000 	/System/Library/PrivateFrameworks/MetalTools.framework/Versions/A/MetalTools
0x0000000004780000 	/System/Library/Frameworks/MetalPerformanceShaders.framework/Frameworks/MPSCore.framework/Versions/A/MPSCore
0x0000000004780000 	/System/Library/Frameworks/MetalPerformanceShaders.framework/Frameworks/MPSImage.framework/Versions/A/MPSImage
0x0000000004780000 	/System/Library/Frameworks/MetalPerformanceShaders.framework/Frameworks/MPSMatrix.framework/Versions/A/MPSMatrix
0x0000000004780000 	/System/Library/Frameworks/MetalPerformanceShaders.framework/Frameworks/MPSNeuralNetwork.framework/Versions/A/MPSNeuralNetwork
0x0000000004780000 	/System/Library/Frameworks/OpenGL.framework/Versions/A/Libraries/libGLU.dylib
0x0000000004780000 	/System/Library/Frameworks/OpenGL.framework/Versions/A/Libraries/libGFXShared.dylib
0x0000000004780000 	/System/Library/Frameworks/OpenGL.framework/Versions/A/Libraries/libGL.dylib
0x0000000004780000 	/System/Library/Frameworks/OpenGL.framework/Versions/A/Libraries/libGLImage.dylib
0x0000000004780000 	/System/Library/Frameworks/OpenGL.framework/Versions/A/Libraries/libCVMSPluginSupport.dylib
0x0000000004780000 	/System/Library/Frameworks/OpenGL.framework/Versions/A/Libraries/libCoreVMClient.dylib
0x0000000004780000 	/usr/lib/libcups.2.dylib
0x0000000004780000 	/System/Library/Frameworks/Kerberos.framework/Versions/A/Kerberos
0x0000000004780000 	/System/Library/Frameworks/GSS.framework/Versions/A/GSS
0x0000000004780000 	/usr/lib/libresolv.9.dylib
0x0000000004780000 	/usr/lib/libiconv.2.dylib
0x0000000004780000 	/System/Library/PrivateFrameworks/Heimdal.framework/Versions/A/Heimdal
0x0000000004780000 	/usr/lib/libheimdal-asn1.dylib
0x0000000004780000 	/System/Library/Frameworks/OpenDirectory.framework/Versions/A/OpenDirectory
0x0000000004780000 	/System/Library/PrivateFrameworks/CommonAuth.framework/Versions/A/CommonAuth
0x0000000004780000 	/System/Library/Frameworks/OpenDirectory.framework/Versions/A/Frameworks/CFOpenDirectory.framework/Versions/A/CFOpenDirectory
0x0000000004780000 	/System/Library/Frameworks/SecurityFoundation.framework/Versions/A/SecurityFoundation
0x0000000004780000 	/System/Library/PrivateFrameworks/APFS.framework/Versions/A/APFS
0x0000000004780000 	/usr/lib/libutil.dylib
0x0000000004780000 	/System/Library/PrivateFrameworks/AppleSauce.framework/Versions/A/AppleSauce
0x0000000004780000 	/System/Library/PrivateFrameworks/LinguisticData.framework/Versions/A/LinguisticData
0x0000000004780000 	/usr/lib/libmarisa.dylib
0x0000000004780000 	/System/Library/PrivateFrameworks/Lexicon.framework/Versions/A/Lexicon
0x0000000004780000 	/usr/lib/libChineseTokenizer.dylib
0x0000000004780000 	/usr/lib/libcmph.dylib
0x0000000004780000 	/System/Library/PrivateFrameworks/LanguageModeling.framework/Versions/A/LanguageModeling
0x0000000004780000 	/System/Library/PrivateFrameworks/CoreEmoji.framework/Versions/A/CoreEmoji
0x0000000004780000 	/System/Library/Frameworks/ServiceManagement.framework/Versions/A/ServiceManagement
0x0000000004780000 	/System/Library/PrivateFrameworks/BackgroundTaskManagement.framework/Versions/A/BackgroundTaskManagement
0x0000000004780000 	/usr/lib/libxslt.1.dylib
0x0000000004780000 	/System/Library/Frameworks/Carbon.framework/Versions/A/Frameworks/Ink.framework/Versions/A/Ink
0x0000000004780000 	/System/Library/PrivateFrameworks/TextureIO.framework/Versions/A/TextureIO
0x0000000004780000 	/usr/lib/libate.dylib
0x0000000004780000 	/System/Library/PrivateFrameworks/CrashReporterSupport.framework/Versions/A/CrashReporterSupport
0x0000000004780000 	/System/Library/PrivateFrameworks/Sharing.framework/Versions/A/Sharing
0x0000000004780000 	/System/Library/PrivateFrameworks/IconServices.framework/Versions/A/IconServices
0x0000000004780000 	/System/Library/PrivateFrameworks/ProtocolBuffer.framework/Versions/A/ProtocolBuffer
0x0000000004780000 	/System/Library/PrivateFrameworks/Apple80211.framework/Versions/A/Apple80211
0x0000000004780000 	/System/Library/Frameworks/CoreWLAN.framework/Versions/A/CoreWLAN
0x0000000004780000 	/System/Library/PrivateFrameworks/CoreUtils.framework/Versions/A/CoreUtils
0x0000000004780000 	/System/Library/Frameworks/IOBluetooth.framework/Versions/A/IOBluetooth
0x0000000004780000 	/System/Library/PrivateFrameworks/CoreWiFi.framework/Versions/A/CoreWiFi
0x0000000004780000 	/System/Library/Frameworks/CoreBluetooth.framework/Versions/A/CoreBluetooth
0x0000000004780000 	/System/Library/PrivateFrameworks/SignpostNotification.framework/Versions/A/SignpostNotification
0x0000000004780000 	/System/Library/PrivateFrameworks/DebugSymbols.framework/Versions/A/DebugSymbols
0x0000000004780000 	/System/Library/PrivateFrameworks/CoreSymbolication.framework/Versions/A/CoreSymbolication
0x0000000004780000 	/System/Library/PrivateFrameworks/Symbolication.framework/Versions/A/Symbolication
0x0000000004780000 	/System/Library/PrivateFrameworks/AppleFSCompression.framework/Versions/A/AppleFSCompression
0x0000000004780000 	/System/Library/PrivateFrameworks/SpeechRecognitionCore.framework/Versions/A/SpeechRecognitionCore
0x000000010c400000 	/Library/Java/JavaVirtualMachines/jdk1.8.0_60.jdk/Contents/Home/jre/lib/server/libjvm.dylib
0x0000000004780000 	/usr/lib/libstdc++.6.0.9.dylib
0x000000010a4f2000 	/Library/Java/JavaVirtualMachines/jdk1.8.0_60.jdk/Contents/Home/jre/lib/libverify.dylib
0x000000010a500000 	/Library/Java/JavaVirtualMachines/jdk1.8.0_60.jdk/Contents/Home/jre/lib/libjava.dylib
0x000000010a57f000 	/Library/Java/JavaVirtualMachines/jdk1.8.0_60.jdk/Contents/Home/jre/lib/libzip.dylib
0x0000000004780000 	/System/Library/Frameworks/JavaVM.framework/Versions/A/Frameworks/JavaRuntimeSupport.framework/Versions/A/JavaRuntimeSupport
0x0000000004780000 	/System/Library/Frameworks/JavaVM.framework/Versions/A/Frameworks/JavaNativeFoundation.framework/Versions/A/JavaNativeFoundation
0x0000000004780000 	/System/Library/Frameworks/JavaVM.framework/Versions/A/JavaVM
0x0000000004780000 	/System/Library/Frameworks/Carbon.framework/Versions/A/Carbon
0x0000000004780000 	/System/Library/PrivateFrameworks/JavaLaunching.framework/Versions/A/JavaLaunching
0x0000000004780000 	/System/Library/Frameworks/Carbon.framework/Versions/A/Frameworks/CommonPanels.framework/Versions/A/CommonPanels
0x0000000004780000 	/System/Library/Frameworks/Carbon.framework/Versions/A/Frameworks/Help.framework/Versions/A/Help
0x0000000004780000 	/System/Library/Frameworks/Carbon.framework/Versions/A/Frameworks/ImageCapture.framework/Versions/A/ImageCapture
0x0000000004780000 	/System/Library/Frameworks/Carbon.framework/Versions/A/Frameworks/OpenScripting.framework/Versions/A/OpenScripting
0x0000000004780000 	/System/Library/Frameworks/Carbon.framework/Versions/A/Frameworks/Print.framework/Versions/A/Print
0x0000000004780000 	/System/Library/Frameworks/Carbon.framework/Versions/A/Frameworks/SecurityHI.framework/Versions/A/SecurityHI
0x00000001290ce000 	/usr/local/apache-maven-3.5.3/lib/jansi-native/osx/libjansi.jnilib
0x000000012925c000 	/Library/Java/JavaVirtualMachines/jdk1.8.0_60.jdk/Contents/Home/jre/lib/libnet.dylib
0x00000001291d1000 	/Library/Java/JavaVirtualMachines/jdk1.8.0_60.jdk/Contents/Home/jre/lib/libnio.dylib
0x000000012913b000 	/Library/Java/JavaVirtualMachines/jdk1.8.0_60.jdk/Contents/Home/jre/lib/libmanagement.dylib
0x00000001292e4000 	/Library/Java/JavaVirtualMachines/jdk1.8.0_60.jdk/Contents/Home/jre/lib/libinstrument.dylib
0x0000000129195000 	/Library/Java/JavaVirtualMachines/jdk1.8.0_60.jdk/Contents/Home/lib/visualvm/profiler/lib/deployed/jdk16/mac/libprofilerinterface.jnilib

VM Arguments:
jvm_args: -Xverify:none -Dclassworlds.conf=/usr/local/apache-maven-3.5.3/bin/m2.conf -Dmaven.home=/usr/local/apache-maven-3.5.3 -Dlibrary.jansi.path=/usr/local/apache-maven-3.5.3/lib/jansi-native -Dmaven.multiModuleProjectDirectory=/Users/anderarguinano/git/BSPQ18-E1 
java_command: org.codehaus.plexus.classworlds.launcher.Launcher exec:java -Pserver
java_class_path (initial): /usr/local/apache-maven-3.5.3/boot/plexus-classworlds-2.5.2.jar
Launcher Type: SUN_STANDARD

Environment Variables:
PATH=/usr/local/bin:/usr/bin:/bin:/usr/sbin:/sbin:/Library/TeX/texbin:/opt/X11/bin:/Applications/MAMP/bin/php:/usr/local/apache-maven-3.5.3/bin
SHELL=/bin/bash
DISPLAY=/private/tmp/com.apple.launchd.92AuPLMcVi/org.macosforge.xquartz:0

Signal Handlers:
SIGSEGV: [libjvm.dylib+0x5a6d31], sa_mask[0]=11111111011111110111111111111111, sa_flags=SA_ONSTACK|SA_RESTART|SA_SIGINFO
SIGBUS: [libjvm.dylib+0x5a6d31], sa_mask[0]=11111111011111110111111111111111, sa_flags=SA_RESTART|SA_SIGINFO
SIGFPE: [libjvm.dylib+0x480a4c], sa_mask[0]=11111111011111110111111111111111, sa_flags=SA_RESTART|SA_SIGINFO
SIGPIPE: [libjvm.dylib+0x480a4c], sa_mask[0]=11111111011111110111111111111111, sa_flags=SA_RESTART|SA_SIGINFO
SIGXFSZ: [libjvm.dylib+0x480a4c], sa_mask[0]=11111111011111110111111111111111, sa_flags=SA_RESTART|SA_SIGINFO
SIGILL: [libjvm.dylib+0x480a4c], sa_mask[0]=11111111011111110111111111111111, sa_flags=SA_RESTART|SA_SIGINFO
SIGUSR1: SIG_DFL, sa_mask[0]=11011111011111100000000111000110, sa_flags=none
SIGUSR2: [libjvm.dylib+0x48056a], sa_mask[0]=00000000000000000000000000000000, sa_flags=SA_RESTART|SA_SIGINFO
SIGHUP: [libjvm.dylib+0x47eb41], sa_mask[0]=11111111011111110111111111111111, sa_flags=SA_RESTART|SA_SIGINFO
SIGINT: [libjvm.dylib+0x47eb41], sa_mask[0]=11111111011111110111111111111111, sa_flags=SA_RESTART|SA_SIGINFO
SIGTERM: [libjvm.dylib+0x47eb41], sa_mask[0]=11111111011111110111111111111111, sa_flags=SA_RESTART|SA_SIGINFO
SIGQUIT: [libjvm.dylib+0x47eb41], sa_mask[0]=11111111011111110111111111111111, sa_flags=SA_RESTART|SA_SIGINFO


---------------  S Y S T E M  ---------------

OS:Bsduname:Darwin 17.4.0 Darwin Kernel Version 17.4.0: Sun Dec 17 09:19:54 PST 2017; root:xnu-4570.41.2~1/RELEASE_X86_64 x86_64
rlimit: STACK 8192k, CORE 0k, NPROC 1418, NOFILE 10240, AS infinity
load average:2,12 2,14 2,07

CPU:total 8 (4 cores per cpu, 2 threads per core) family 6 model 70 stepping 1, cmov, cx8, fxsr, mmx, sse, sse2, sse3, ssse3, sse4.1, sse4.2, popcnt, avx, avx2, aes, clmul, erms, lzcnt, ht, tsc, tscinvbit, bmi1, bmi2

Memory: 4k page, physical 16777216k(3817484k free)

/proc/meminfo:


vm_info: Java HotSpot(TM) 64-Bit Server VM (25.60-b23) for bsd-amd64 JRE (1.8.0_60-b27), built on Aug  4 2015 10:47:24 by "java_re" with gcc 4.2.1 (Based on Apple Inc. build 5658) (LLVM build 2336.11.00)

time: Wed May  2 20:12:00 2018
elapsed time: 68 seconds (0d 0h 1m 8s)

